[----]	====================================================================================================
[----]	|                              Starting Pipeline at 2017-01-18 14:12                               |
[----]	====================================================================================================
[CAL-27_E16]	
[CAL-27_E16]	================================ Stage do_downsampling [CAL-27_E16] ================================
[CAL-27_E16.A20]	
[CAL-27_E16.A20]	================================ Stage do_downsampling [CAL-27_E16] ================================
[CAL-27]	
[CAL-27]	================================== Stage do_downsampling [CAL-27] ==================================
[CAL-27_E23.A16]	
[CAL-27_E23.A16]	================================ Stage do_downsampling [CAL-27_E23] ================================
[CAL-27_E23]	
[CAL-27_E23]	================================ Stage do_downsampling [CAL-27_E23] ================================
[CAL-27_E23.A16sB9]	
[CAL-27_E23.A16sB9]	================================ Stage do_downsampling [CAL-27_E23] ================================
[SiHa]	
[SiHa]	=================================== Stage do_downsampling [SiHa] ===================================
[CAL-27_E23.A16sB9qJ8]	
[CAL-27_E23.A16sB9qJ8]	================================ Stage do_downsampling [CAL-27_E23] ================================
[CAL-27_E16.A20sH12qE11]	
[CAL-27_E16.A20sH12qE11]	================================ Stage do_downsampling [CAL-27_E16] ================================
[A388_3C22]	
[A388_3C22]	================================ Stage do_downsampling [A388_3C22] =================================
[A388_3A13]	
[A388_3A13]	================================ Stage do_downsampling [A388_3A13] =================================
[CAL-27_E16.A20sH12]	
[CAL-27_E16.A20sH12]	================================ Stage do_downsampling [CAL-27_E16] ================================
[A388]	
[A388]	=================================== Stage do_downsampling [A388] ===================================
[CAL-27_E23.A16]	
[CAL-27_E23.A16]	==================================== Stage bwa_mem [CAL-27_E23] ====================================
[CAL-27_E23.A16sB9qJ8]	
[CAL-27_E23.A16sB9qJ8]	==================================== Stage bwa_mem [CAL-27_E23] ====================================
[CAL-27_E23.A16sB9]	
[CAL-27_E23.A16sB9]	==================================== Stage bwa_mem [CAL-27_E23] ====================================
[CAL-27_E16.A20]	
[CAL-27_E16.A20]	==================================== Stage bwa_mem [CAL-27_E16] ====================================
[CAL-27_E16]	
[CAL-27_E16]	==================================== Stage bwa_mem [CAL-27_E16] ====================================
[CAL-27_E23]	
[CAL-27_E23]	==================================== Stage bwa_mem [CAL-27_E23] ====================================
[SiHa]	
[SiHa]	======================================= Stage bwa_mem [SiHa] =======================================
[CAL-27]	
[CAL-27]	====================================== Stage bwa_mem [CAL-27] ======================================
[CAL-27_E16.A20sH12qE11]	
[CAL-27_E16.A20sH12qE11]	==================================== Stage bwa_mem [CAL-27_E16] ====================================
[A388]	
[A388]	======================================= Stage bwa_mem [A388] =======================================
[A388_3C22]	
[A388_3C22]	==================================== Stage bwa_mem [A388_3C22] =====================================
[A388_3A13]	
[A388_3A13]	==================================== Stage bwa_mem [A388_3A13] =====================================
[CAL-27_E16.A20sH12]	
[CAL-27_E16.A20sH12]	==================================== Stage bwa_mem [CAL-27_E16] ====================================

======================================== Pipeline Finished =========================================
MSG: Generated report /lustre/scratch116/casm/cgp/users/sb43/myscratch/rt_user/downsampling_564469/scripts/cgp_downsampler/doc/index.html
[]	04:33:41 MSG:  Finished at Fri Jan 20 04:33:41 GMT 2017
[]	04:33:42 MSG:  Outputs are: 
[]			A388.bwa_mem.track
[]			CAL-27_E23.A16.bwa_mem.track
[]			A388_3C22.bwa_mem.track
[]			CAL-27.bwa_mem.track
[]			CAL-27_E23.A16sB9qJ8.bwa_mem.track
[]			... 21 more ...
