+ set -o pipefail
+ mkdir -p /nfs/users/nfs_s/sb43/sb43_scratch116/rt_user/downsampling_564469/scripts/cgp_downsampler/downsampledBams
++ awk -v bases=3137454505 '($0!~/#/) {sum=sum+$9} END { print (17+1)/(sum/bases)}' ../../downsample_input/CAL-27_E16.A20sH12qE11.bam.bas
+ DS_FACTOR=0.475079
++ awk '(NR==2) {print $2}' ../../downsample_input/CAL-27_E16.A20sH12qE11.bam.bas
+ SAMPLE=CAL-27_E16.A20sH12qE11
+ /software/CGP/canpipe/test/bin/canpipe_test bamdownsamplerandom seed=3137454505 p=0.475079 I=../../downsample_input/CAL-27_E16.A20sH12qE11.bam level=1 O=/nfs/users/nfs_s/sb43/sb43_scratch116/rt_user/downsampling_564469/scripts/cgp_downsampler/downsampledBams/CAL-27_E16.A20sH12qE11.bam
[V] 1	27.3637MB/s	77327.7 kept 497528 (0.47448)
[V] 2	28.969MB/s	82468 kept 995142 (0.474521)
[V] 3	29.5604MB/s	84021.4 kept 1493176 (0.474668)
[V] 4	29.6846MB/s	84331.3 kept 1989938 (0.474438)
[V] 5	29.6383MB/s	84360.9 kept 2487244 (0.474404)
[V] 6	29.5894MB/s	84307 kept 2985652 (0.474557)
[V] 7	29.6302MB/s	84500.2 kept 3483332 (0.474566)
[V] 8	29.8275MB/s	85141.8 kept 3981554 (0.474638)
[V] 9	29.9171MB/s	85453.6 kept 4480034 (0.474721)
[V] 10	29.9382MB/s	85565.8 kept 4978452 (0.474782)
[V] 11	29.949MB/s	85617.4 kept 5475620 (0.474723)
[V] 12	30.0111MB/s	85844.5 kept 5973326 (0.474717)
[V] 13	30.1319MB/s	86218.1 kept 6471262 (0.474729)
[V] 14	30.2608MB/s	86629.1 kept 6969164 (0.474737)
[V] 15	30.3812MB/s	87002.6 kept 7466934 (0.474735)
[V] 16	30.4158MB/s	87129.2 kept 7965132 (0.474759)
[V] 17	30.4366MB/s	87213.9 kept 8462974 (0.47476)
[V] 18	30.4907MB/s	87394 kept 8960804 (0.47476)
[V] 19	30.6205MB/s	87786.6 kept 9458660 (0.474762)
[V] 20	30.6891MB/s	87999.7 kept 9956688 (0.474772)
[V] 21	30.7104MB/s	88057.8 kept 10455966 (0.474837)
[V] 22	30.7175MB/s	88091.7 kept 10952612 (0.474783)
[V] 23	30.7345MB/s	88151.3 kept 11450976 (0.474804)
[V] 24	30.8114MB/s	88381.1 kept 11948712 (0.474799)
[V] 25	30.8763MB/s	88583.1 kept 12447008 (0.474816)
[V] 26	30.5134MB/s	87546.8 kept 12946078 (0.474859)
[V] 27	30.5813MB/s	87717.3 kept 13443324 (0.474835)
[V] 28	30.6416MB/s	87887.1 kept 13942012 (0.474862)
[V] 29	30.6571MB/s	87939.8 kept 14441296 (0.474907)
[V] 30	30.713MB/s	88104.3 kept 14938982 (0.474897)
[V] 31	30.7303MB/s	88106.5 kept 15436348 (0.474879)
[V] 32	30.7696MB/s	88054.9 kept 15934780 (0.474893)
[V] 33	30.7851MB/s	87922 kept 16432844 (0.474896)
[V] 34	30.8015MB/s	87968.5 kept 16930788 (0.474896)
[V] 35	30.796MB/s	87962.4 kept 17429720 (0.474922)
[V] 36	30.8195MB/s	88029.5 kept 17928346 (0.474939)
[V] 37	30.8661MB/s	88174.6 kept 18426518 (0.474943)
[V] 38	30.8816MB/s	88234.8 kept 18925444 (0.474966)
[V] 39	30.9191MB/s	88358.2 kept 19423596 (0.474969)
[V] 40	30.9364MB/s	88423 kept 19921392 (0.474963)
[V] 41	30.9776MB/s	88555.3 kept 20419756 (0.474971)
[V] 42	30.9922MB/s	88610.7 kept 20918812 (0.474994)
[V] 43	31.0221MB/s	88710.5 kept 21417292 (0.475003)
[V] 44	31.064MB/s	88843.8 kept 21914918 (0.474993)
[V] 45	31.0851MB/s	88918.1 kept 22413284 (0.474999)
[V] 46	31.0951MB/s	88956.8 kept 22910330 (0.474978)
[V] 47	31.1305MB/s	89069.6 kept 23408308 (0.474977)
[V] 48	31.1205MB/s	89041.8 kept 23906892 (0.474987)
[V] 49	31.1132MB/s	89015 kept 24404674 (0.474982)
[V] 50	31.137MB/s	89091.8 kept 24902972 (0.474986)
[V] 51	31.1574MB/s	89161.7 kept 25401118 (0.474988)
[V] 52	30.9486MB/s	88566.1 kept 25900832 (0.475018)
[V] 53	30.9768MB/s	88653.8 kept 26399178 (0.475023)
[V] 54	30.9781MB/s	88661.9 kept 26898392 (0.475043)
[V] 55	30.968MB/s	88639.9 kept 27395254 (0.475021)
[V] 56	30.9752MB/s	88666.8 kept 27892308 (0.475003)
[V] 57	30.9992MB/s	88742.9 kept 28390676 (0.475008)
[V] 58	31.0094MB/s	88768.9 kept 28889172 (0.475015)
[V] 59	30.9977MB/s	88739.6 kept 29388608 (0.475037)
[V] 60	31.0165MB/s	88787.2 kept 29888174 (0.47506)
[V] 61	31.0242MB/s	88812.3 kept 30385568 (0.475048)
[V] 62	31.0104MB/s	88779.5 kept 30884600 (0.475062)
[V] 63	31.0166MB/s	88802.3 kept 31382520 (0.475059)
[V] 64	31.0421MB/s	88882.6 kept 31881050 (0.475065)
[V] 65	31.0607MB/s	88942.8 kept 32379594 (0.475071)
[V] 66	31.0792MB/s	89002.9 kept 32878418 (0.47508)
[V] 67	31.0831MB/s	89018.6 kept 33376356 (0.475077)
[V] 68	31.0953MB/s	89059 kept 33874134 (0.475072)
[V] 69	30.7996MB/s	88212.6 kept 34373114 (0.475083)
[V] 70	30.8163MB/s	88264.3 kept 34871788 (0.47509)
[V] 71	30.8386MB/s	88333.8 kept 35370352 (0.475096)
[V] 72	30.8496MB/s	88370.4 kept 35867230 (0.475079)
[V] 73	30.8701MB/s	88435.4 kept 36364332 (0.475065)
[V] 74	30.8921MB/s	88505.2 kept 36862616 (0.475067)
[V] 75	30.7874MB/s	88208.8 kept 37360048 (0.475058)
[V] 76	30.806MB/s	88267.5 kept 37858108 (0.475057)
[V] 77	30.8226MB/s	88319.4 kept 38356504 (0.47506)
[V] 78	30.8364MB/s	88363.7 kept 38854990 (0.475064)
[V] 79	30.8479MB/s	88399 kept 39352610 (0.475058)
[V] 80	30.8683MB/s	88459.9 kept 39849974 (0.475049)
[V] 81	30.8877MB/s	88520.8 kept 40347264 (0.475039)
[V] 82	30.8969MB/s	88552.5 kept 40845474 (0.47504)
[V] 83	30.905MB/s	88552 kept 41341930 (0.475021)
[V] 84	30.8943MB/s	88458.7 kept 41840326 (0.475024)
[V] 85	30.8883MB/s	88416.5 kept 42338402 (0.475024)
[V] 86	30.9073MB/s	88475.8 kept 42835346 (0.475011)
[V] 87	30.9153MB/s	88501.4 kept 43333268 (0.475009)
[V] 88	30.9121MB/s	88478.2 kept 43829898 (0.474994)
[V] 89	30.9259MB/s	88501 kept 44328526 (0.475)
[V] 90	30.9454MB/s	88562.4 kept 44826472 (0.474998)
[V] 91	30.9425MB/s	88559.3 kept 45325724 (0.475011)
[V] 92	30.9528MB/s	88594.5 kept 45824562 (0.475019)
[V] 93	30.9626MB/s	88626.9 kept 46323350 (0.475026)
[V] 94	30.9597MB/s	88581.5 kept 46820774 (0.475019)
[V] 95	30.9715MB/s	88620.1 kept 47319038 (0.475021)
[V] 96	30.9929MB/s	88687 kept 47817988 (0.475029)
[V] 97	30.8882MB/s	88389.7 kept 48314546 (0.475014)
[V] 98	30.9085MB/s	88454.4 kept 48812268 (0.47501)
[V] 99	30.9271MB/s	88511.9 kept 49309506 (0.475002)
[V] 100	30.9426MB/s	88561.7 kept 49806464 (0.474991)
[V] 101	30.9553MB/s	88602.5 kept 50303950 (0.474986)
[V] 102	30.97MB/s	88649.9 kept 50800548 (0.474972)
[V] 103	30.9903MB/s	88713.4 kept 51298498 (0.474971)
[V] 104	30.9943MB/s	88729.3 kept 51795994 (0.474966)
[V] 105	31.003MB/s	88757.9 kept 52293594 (0.474962)
[V] 106	30.9987MB/s	88749.9 kept 52791548 (0.474962)
[V] 107	31.0158MB/s	88803.8 kept 53289240 (0.474959)
[V] 108	31.022MB/s	88825.9 kept 53787280 (0.474959)
[V] 109	31.0366MB/s	88872.5 kept 54284668 (0.474953)
[V] 110	31.0518MB/s	88920.5 kept 54783122 (0.474957)
[V] 111	31.0614MB/s	88952 kept 55279840 (0.474946)
[V] 112	31.075MB/s	88994.9 kept 55777066 (0.474939)
[V] 113	31.078MB/s	89006.1 kept 56276158 (0.474948)
[V] 114	31.0902MB/s	89045.1 kept 56775318 (0.474958)
[V] 115	31.0988MB/s	89073.3 kept 57274230 (0.474965)
[V] 116	31.1092MB/s	89107.2 kept 57772580 (0.474967)
[V] 117	31.1154MB/s	89128.1 kept 58269900 (0.474962)
[V] 118	31.1234MB/s	89154.7 kept 58767032 (0.474954)
[V] 119	31.1291MB/s	89174.4 kept 59265958 (0.474962)
[V] 120	31.1301MB/s	89181 kept 59763862 (0.474961)
[V] 121	31.1336MB/s	89192.3 kept 60262750 (0.474967)
[V] 122	31.1326MB/s	89191.9 kept 60760124 (0.474962)
[V] 123	31.1236MB/s	89163.5 kept 61257180 (0.474954)
[V] 124	31.1237MB/s	89167.1 kept 61756000 (0.474961)
[V] 125	31.1141MB/s	89141.5 kept 62253730 (0.474958)
[V] 126	31.1084MB/s	89128.1 kept 62751544 (0.474957)
[V] 127	31.0273MB/s	88897.6 kept 63250706 (0.474965)
[V] 128	31.0267MB/s	88898.7 kept 63749494 (0.474971)
[V] 129	31.0176MB/s	88875.1 kept 64248278 (0.474976)
[V] 130	30.9977MB/s	88819.1 kept 64746626 (0.474978)
[V] 131	30.9978MB/s	88822.3 kept 65244644 (0.474978)
[V] 132	30.9936MB/s	88813.4 kept 65741636 (0.474971)
[V] 133	30.9843MB/s	88788.5 kept 66241062 (0.47498)
[V] 134	30.9898MB/s	88805.9 kept 66739676 (0.474984)
[V] 135	31.0005MB/s	88839.5 kept 67236574 (0.474976)
[V] 136	31.003MB/s	88849.7 kept 67735160 (0.47498)
[V] 137	31.0177MB/s	88892.5 kept 68233462 (0.474982)
[V] 138	31.0317MB/s	88935.7 kept 68732576 (0.474989)
[V] 139	31.0416MB/s	88966.4 kept 69230252 (0.474986)
[V] 140	30.9952MB/s	88835.9 kept 69728224 (0.474986)
[V] 141	30.984MB/s	88806.8 kept 70226952 (0.47499)
[V] 142	30.9967MB/s	88846.3 kept 70724994 (0.47499)
[V] 143	31.0059MB/s	88875.3 kept 71223148 (0.474991)
[V] 144	31.0203MB/s	88919.1 kept 71720928 (0.474989)
[V] 145	31.0323MB/s	88956.4 kept 72218834 (0.474988)
[V] 146	31.0418MB/s	88986.8 kept 72716364 (0.474984)
[V] 147	31.0483MB/s	89007.3 kept 73212740 (0.474974)
[V] 148	31.0489MB/s	89007.7 kept 73710556 (0.474972)
[V] 149	31.0477MB/s	89003.3 kept 74208206 (0.47497)
[V] 150	31.0579MB/s	89035 kept 74705920 (0.474967)
[V] 151	31.0687MB/s	89067.9 kept 75204294 (0.47497)
[V] 152	31.0774MB/s	89094.2 kept 75702218 (0.474969)
[V] 153	31.088MB/s	89126.5 kept 76200186 (0.474968)
[V] 154	31.0966MB/s	89152.8 kept 76697742 (0.474965)
[V] 155	31.1061MB/s	89182.6 kept 77196130 (0.474968)
[V] 156	31.1197MB/s	89224.2 kept 77694074 (0.474967)
[V] 157	31.1293MB/s	89253.8 kept 78191876 (0.474966)
[V] 158	31.1185MB/s	89225.2 kept 78691096 (0.474973)
[V] 159	31.0627MB/s	89066.2 kept 79190648 (0.474982)
[V] 160	31.0678MB/s	89083.1 kept 79688588 (0.474981)
[V] 161	31.0813MB/s	89124.1 kept 80187654 (0.474987)
[V] 162	31.0918MB/s	89156.2 kept 80686454 (0.474991)
[V] 163	31.0969MB/s	89173.3 kept 81184568 (0.474992)
[V] 164	31.11MB/s	89212.3 kept 81681668 (0.474986)
[V] 165	31.1234MB/s	89253 kept 82179550 (0.474985)
[V] 166	31.1343MB/s	89287 kept 82678096 (0.474988)
[V] 167	31.1356MB/s	89292.3 kept 83176310 (0.474989)
[V] 168	31.147MB/s	89327.6 kept 83674252 (0.474988)
[V] 169	31.1573MB/s	89358.9 kept 84172872 (0.474991)
[V] 170	31.1603MB/s	89369.3 kept 84671104 (0.474992)
[V] 171	31.1711MB/s	89402.3 kept 85170110 (0.474997)
[V] 172	31.1751MB/s	89415 kept 85666466 (0.474988)
[V] 173	31.1743MB/s	89413.8 kept 86164794 (0.474989)
[V] 174	31.1858MB/s	89448.9 kept 86662360 (0.474987)
[V] 175	31.1941MB/s	89474.6 kept 87159784 (0.474983)
[V] 176	31.1971MB/s	89481.3 kept 87658040 (0.474984)
[V] 177	31.1929MB/s	89462.4 kept 88157168 (0.47499)
[V] 178	31.1715MB/s	89396.4 kept 88655392 (0.474991)
[V] 179	31.1723MB/s	89399.9 kept 89153070 (0.474989)
[V] 180	31.1693MB/s	89393.5 kept 89651802 (0.474992)
[V] 181	31.1632MB/s	89378 kept 90150370 (0.474995)
[V] 182	31.1672MB/s	89391.7 kept 90649140 (0.474999)
[V] 183	31.1802MB/s	89431.3 kept 91147996 (0.475003)
[V] 184	31.1854MB/s	89447.4 kept 91645826 (0.475001)
[V] 185	31.1824MB/s	89439.2 kept 92145336 (0.475009)
[V] 186	31.186MB/s	89451.3 kept 92642342 (0.475003)
[V] 187	31.1936MB/s	89474.7 kept 93139446 (0.474998)
[V] 188	31.1244MB/s	89272 kept 93637678 (0.474999)
[V] 189	31.1197MB/s	89259.9 kept 94136158 (0.475001)
[V] 190	31.1207MB/s	89262.5 kept 94634510 (0.475003)
[V] 191	31.1194MB/s	89260.3 kept 95131726 (0.474998)
[V] 192	31.1136MB/s	89245.2 kept 95629480 (0.474997)
[V] 193	31.1108MB/s	89238.6 kept 96127504 (0.474997)
[V] 194	31.111MB/s	89240.6 kept 96625754 (0.474997)
[V] 195	31.109MB/s	89236 kept 97123488 (0.474996)
[V] 196	31.1012MB/s	89215.2 kept 97622034 (0.474998)
[V] 197	31.1024MB/s	89219.1 kept 98120568 (0.475)
[V] 198	31.1043MB/s	89225.9 kept 98618134 (0.474998)
[V] 199	31.1036MB/s	89223.3 kept 99116624 (0.475)
[V] 200	31.1MB/s	89213.2 kept 99614384 (0.474998)
[V] 201	31.1003MB/s	89215.3 kept 100111290 (0.474993)
[V] 202	31.099MB/s	89213 kept 100608588 (0.474989)
[V] 203	31.0984MB/s	89212.1 kept 101107058 (0.474991)
[V] 204	31.098MB/s	89212.3 kept 101605542 (0.474993)
[V] 205	31.0933MB/s	89200.3 kept 102104486 (0.474997)
[V] 206	31.0881MB/s	89186.1 kept 102601476 (0.474992)
[V] 207	31.0834MB/s	89165.6 kept 103099264 (0.474991)
[V] 208	31.0876MB/s	89178.9 kept 103596748 (0.474988)
[V] 209	31.09MB/s	89186.6 kept 104094932 (0.474989)
[V] 210	31.0418MB/s	89049.4 kept 104593454 (0.474991)
[V] 211	31.0478MB/s	89067.6 kept 105092136 (0.474994)
[V] 212	31.0522MB/s	89079.8 kept 105590004 (0.474993)
[V] 213	31.057MB/s	89091.1 kept 106088264 (0.474994)
[V] 214	31.0656MB/s	89117.5 kept 106587266 (0.474998)
[V] 215	31.0697MB/s	89130 kept 107085370 (0.474998)
[V] 216	31.0717MB/s	89134.2 kept 107584200 (0.475001)
[V] 217	31.0786MB/s	89155.1 kept 108081120 (0.474996)
[V] 218	31.0852MB/s	89175.2 kept 108579486 (0.474998)
[V] 219	31.0901MB/s	89189.2 kept 109077704 (0.474998)
[V] 220	31.0963MB/s	89205.9 kept 109575502 (0.474997)
[V] 221	31.0976MB/s	89210.2 kept 110072304 (0.474992)
[V] 222	31.1034MB/s	89228.3 kept 110570860 (0.474994)
[V] 223	31.1069MB/s	89239.2 kept 111069598 (0.474997)
[V] 224	31.1069MB/s	89240.4 kept 111568406 (0.475)
[V] 225	31.11MB/s	89238.5 kept 112067102 (0.475002)
[V] 226	31.1136MB/s	89250.1 kept 112565360 (0.475003)
[V] 227	31.1129MB/s	89248.9 kept 113062568 (0.474999)
[V] 228	31.1192MB/s	89268.3 kept 113560710 (0.475)
[V] 229	31.1228MB/s	89279.5 kept 114059432 (0.475002)
[V] 230	31.129MB/s	89299.2 kept 114558212 (0.475005)
[V] 231	31.1336MB/s	89314 kept 115055384 (0.475002)
[V] 232	31.1354MB/s	89318.3 kept 115553830 (0.475003)
[V] 233	31.1429MB/s	89341.1 kept 116051016 (0.474999)
[V] 234	31.1486MB/s	89359.1 kept 116548420 (0.474997)
[V] 235	31.1494MB/s	89362.8 kept 117046178 (0.474995)
[V] 236	31.1556MB/s	89381.7 kept 117544662 (0.474997)
[V] 237	31.1602MB/s	89396 kept 118042296 (0.474995)
[V] 238	31.1619MB/s	89402 kept 118540420 (0.474996)
[V] 239	31.1679MB/s	89420.4 kept 119038328 (0.474995)
[V] 240	31.1729MB/s	89436.1 kept 119535950 (0.474993)
[V] 241	31.1349MB/s	89327 kept 120032444 (0.474987)
[V] 242	31.1326MB/s	89321 kept 120530834 (0.474988)
[V] 243	31.1283MB/s	89309.3 kept 121028288 (0.474986)
[V] 244	31.1297MB/s	89314.5 kept 121526842 (0.474988)
[V] 245	31.1363MB/s	89334.8 kept 122026228 (0.474993)
[V] 246	31.1348MB/s	89331.6 kept 122524344 (0.474993)
[V] 247	31.1343MB/s	89331.3 kept 123022190 (0.474992)
[V] 248	31.1333MB/s	89329.6 kept 123519924 (0.474991)
[V] 249	31.1381MB/s	89344.3 kept 124017938 (0.474991)
[V] 250	31.1428MB/s	89359.1 kept 124517092 (0.474995)
[V] 251	31.144MB/s	89363.9 kept 125016094 (0.474999)
[V] 252	31.1399MB/s	89352.7 kept 125514226 (0.474999)
[V] 253	31.1376MB/s	89340.9 kept 126012560 (0.475)
[V] 254	31.1376MB/s	89339.9 kept 126511156 (0.475002)
[V] 255	31.1387MB/s	89343.7 kept 127009478 (0.475003)
[V] 256	31.1359MB/s	89336.6 kept 127508354 (0.475006)
[V] 257	31.1358MB/s	89337.2 kept 128007546 (0.47501)
[V] 258	31.1382MB/s	89344.7 kept 128505726 (0.47501)
[V] 259	31.1404MB/s	89351.8 kept 129003346 (0.475008)
[V] 260	31.1394MB/s	89350 kept 129500798 (0.475006)
[V] 261	31.1411MB/s	89353.4 kept 130000514 (0.475012)
[V] 262	31.1383MB/s	89343.1 kept 130497880 (0.475009)
[V] 263	31.1339MB/s	89330.8 kept 130995994 (0.47501)
[V] 264	31.1326MB/s	89328 kept 131493740 (0.475008)
[V] 265	31.1353MB/s	89336.3 kept 131991158 (0.475006)
[V] 266	31.1398MB/s	89350.1 kept 132488602 (0.475004)
[V] 267	31.1395MB/s	89350.1 kept 132986094 (0.475002)
[V] 268	31.1427MB/s	89360.4 kept 133485334 (0.475006)
[V] 269	31.1036MB/s	89224.3 kept 133983470 (0.475006)
[V] 270	31.1029MB/s	89223.1 kept 134482068 (0.475008)
[V] 271	31.1008MB/s	89217.9 kept 134979078 (0.475004)
[V] 272	31.0995MB/s	89215.5 kept 135476956 (0.475003)
[V] 273	31.1051MB/s	89231.9 kept 135974688 (0.475002)
[V] 274	31.1104MB/s	89248 kept 136471664 (0.474998)
[V] 275	31.1107MB/s	89249.4 kept 136969416 (0.474997)
[V] 276	31.112MB/s	89254.1 kept 137466474 (0.474994)
[V] 277	31.1156MB/s	89265.2 kept 137963692 (0.474991)
[V] 278	31.12MB/s	89279.2 kept 138463274 (0.474996)
[V] 279	31.1194MB/s	89278.8 kept 138961816 (0.474998)
[V] 280	31.1238MB/s	89292.4 kept 139460468 (0.475)
[V] 281	31.1203MB/s	89283.6 kept 139957576 (0.474996)
[V] 282	31.1225MB/s	89290.8 kept 140455930 (0.474997)
[V] 283	31.1194MB/s	89282.6 kept 140955714 (0.475003)
[V] 284	31.1177MB/s	89278.7 kept 141452612 (0.474999)
[V] 285	31.1224MB/s	89293.5 kept 141951042 (0.475)
[V] 286	31.1172MB/s	89279.3 kept 142449330 (0.475001)
[V] 287	31.1152MB/s	89274.7 kept 142947070 (0.475)
[V] 288	31.1147MB/s	89274.8 kept 143443752 (0.474995)
[V] 289	31.1114MB/s	89266.1 kept 143941330 (0.474994)
[V] 290	31.1089MB/s	89260.2 kept 144437928 (0.474989)
[V] 291	31.1093MB/s	89262.3 kept 144936246 (0.47499)
[V] 292	31.1127MB/s	89273.5 kept 145434456 (0.47499)
[V] 293	31.1176MB/s	89288.7 kept 145932642 (0.47499)
[V] 294	31.115MB/s	89281.4 kept 146429516 (0.474987)
[V] 295	31.1094MB/s	89266.3 kept 146927612 (0.474987)
[V] 296	31.0591MB/s	89120.6 kept 147425572 (0.474986)
[V] 297	31.0476MB/s	89085.7 kept 147923126 (0.474985)
[V] 298	31.0402MB/s	89065.4 kept 148420800 (0.474984)
[V] 299	31.0353MB/s	89048.8 kept 148917916 (0.474981)
[V] 300	31.027MB/s	89022.4 kept 149415416 (0.474979)
[V] 301	31.0256MB/s	89018.2 kept 149913160 (0.474978)
[V] 302	31.0121MB/s	88974.6 kept 150411000 (0.474977)
[V] 303	31.0071MB/s	88961.5 kept 150909598 (0.474979)
[V] 304	31.0063MB/s	88959.8 kept 151406830 (0.474976)
[V] 305	31.0034MB/s	88952.7 kept 151905938 (0.47498)
[V] 306	31.0027MB/s	88951.8 kept 152404446 (0.474981)
[V] 307	31.0065MB/s	88963.6 kept 152901812 (0.474979)
[V] 308	31.011MB/s	88977.8 kept 153401080 (0.474983)
[V] 309	31.0128MB/s	88983.9 kept 153898794 (0.474982)
[V] 310	31.0131MB/s	88985.7 kept 154396942 (0.474982)
[V] 311	31.0073MB/s	88969 kept 154895586 (0.474984)
[V] 312	31.0053MB/s	88964.3 kept 155395268 (0.474989)
[V] 313	31.0035MB/s	88959.9 kept 155893726 (0.47499)
[V] 314	31.0039MB/s	88960.9 kept 156391226 (0.474988)
[V] 315	31.0012MB/s	88954.3 kept 156888760 (0.474987)
[V] 316	31.0014MB/s	88953.4 kept 157385400 (0.474982)
[V] 317	31.0034MB/s	88956.9 kept 157881620 (0.474977)
[V] 318	31.0002MB/s	88947.8 kept 158378746 (0.474974)
[V] 319	31.0053MB/s	88963.1 kept 158877010 (0.474975)
[V] 320	31.0064MB/s	88966.6 kept 159376672 (0.474979)
[V] 321	30.9992MB/s	88946.9 kept 159875664 (0.474982)
[V] 322	30.9913MB/s	88923.6 kept 160374446 (0.474984)
[V] 323	30.9915MB/s	88924 kept 160872378 (0.474984)
[V] 324	30.9913MB/s	88923.8 kept 161369102 (0.47498)
[V] 325	30.9972MB/s	88941.9 kept 161867912 (0.474982)
[V] 326	31.0019MB/s	88955.4 kept 162365604 (0.474981)
[V] 327	31.0037MB/s	88961.2 kept 162863302 (0.47498)
[V] 328	30.9994MB/s	88944.2 kept 163360526 (0.474978)
[V] 329	30.9915MB/s	88910.5 kept 163858578 (0.474978)
[V] 330	30.9491MB/s	88781.3 kept 164355620 (0.474975)
[V] 331	30.9494MB/s	88780.6 kept 164853132 (0.474973)
[V] 332	30.9455MB/s	88765.4 kept 165350836 (0.474972)
[V] 333	30.9432MB/s	88752.1 kept 165849584 (0.474974)
[V] 334	30.9411MB/s	88747.3 kept 166347874 (0.474975)
[V] 335	30.9407MB/s	88747.2 kept 166845918 (0.474975)
[V] 336	30.9417MB/s	88750.9 kept 167343846 (0.474975)
[V] 337	30.9362MB/s	88735.7 kept 167840634 (0.474971)
[V] 338	30.9327MB/s	88726.9 kept 168337470 (0.474968)
[V] 339	30.9183MB/s	88683.7 kept 168834858 (0.474966)
[V] 340	30.9098MB/s	88655.5 kept 169332670 (0.474965)
[V] 341	30.9079MB/s	88651 kept 169830404 (0.474964)
[V] 342	30.9098MB/s	88657.4 kept 170329246 (0.474967)
[V] 343	30.9147MB/s	88672.6 kept 170826520 (0.474965)
[V] 344	30.9142MB/s	88672.5 kept 171325448 (0.474967)
[V] 345	30.9098MB/s	88660.7 kept 171823340 (0.474967)
[V] 346	30.9099MB/s	88661.6 kept 172322098 (0.474969)
[V] 347	30.9059MB/s	88650 kept 172819528 (0.474967)
[V] 348	30.9081MB/s	88657.1 kept 173317748 (0.474967)
[V] 349	30.9114MB/s	88667.4 kept 173815182 (0.474966)
[V] 350	30.9091MB/s	88659.8 kept 174313990 (0.474968)
[V] 351	30.9128MB/s	88669.4 kept 174811810 (0.474967)
[V] 352	30.9069MB/s	88651 kept 175309266 (0.474966)
[V] 353	30.9031MB/s	88638.1 kept 175807230 (0.474966)
[V] 354	30.8959MB/s	88615.1 kept 176305292 (0.474966)
[V] 355	30.862MB/s	88514.1 kept 176804516 (0.474969)
[V] 356	30.8574MB/s	88498.2 kept 177302788 (0.474969)
[V] 357	30.8528MB/s	88485.8 kept 177801808 (0.474972)
[V] 358	30.8478MB/s	88472 kept 178300386 (0.474973)
[V] 359	30.8424MB/s	88457.6 kept 178798898 (0.474975)
[V] 360	30.8343MB/s	88433.5 kept 179298426 (0.474979)
[V] 361	30.8326MB/s	88427.7 kept 179796418 (0.474978)
[V] 362	30.8373MB/s	88442.2 kept 180294348 (0.474978)
[V] 363	30.8414MB/s	88454.4 kept 180791926 (0.474977)
[V] 364	30.8437MB/s	88461.8 kept 181289464 (0.474976)
[V] 365	30.8472MB/s	88473 kept 181787258 (0.474975)
[V] 366	30.8515MB/s	88486.3 kept 182285580 (0.474976)
[V] 367	30.8563MB/s	88500.7 kept 182783068 (0.474974)
[V] 368	30.8605MB/s	88513.7 kept 183281232 (0.474974)
[V] 369	30.8628MB/s	88521.4 kept 183778952 (0.474974)
[V] 370	30.8673MB/s	88535 kept 184277038 (0.474974)
[V] 371	30.8709MB/s	88546.4 kept 184775172 (0.474974)
[V] 372	30.8731MB/s	88553.7 kept 185272648 (0.474972)
[V] 373	30.8771MB/s	88566 kept 185771352 (0.474974)
[V] 374	30.8815MB/s	88579.3 kept 186269190 (0.474974)
[V] 375	30.8829MB/s	88584.1 kept 186767760 (0.474975)
[V] 376	30.8807MB/s	88578.3 kept 187265916 (0.474975)
[V] 377	30.886MB/s	88594.7 kept 187763492 (0.474974)
[V] 378	30.8909MB/s	88609.6 kept 188261478 (0.474974)
[V] 379	30.872MB/s	88555.6 kept 188760578 (0.474977)
[V] 380	30.8713MB/s	88554.6 kept 189258540 (0.474976)
[V] 381	30.8728MB/s	88559.6 kept 189756128 (0.474975)
[V] 382	30.8743MB/s	88565 kept 190254090 (0.474975)
[V] 383	30.8767MB/s	88572.5 kept 190752762 (0.474977)
[V] 384	30.8777MB/s	88576.4 kept 191252284 (0.47498)
[V] 385	30.882MB/s	88589.5 kept 191750434 (0.47498)
[V] 386	30.8826MB/s	88591.3 kept 192249232 (0.474982)
[V] 387	30.8756MB/s	88568.1 kept 192747096 (0.474982)
[V] 388	30.8797MB/s	88580.4 kept 193245610 (0.474983)
[V] 389	30.8844MB/s	88594.5 kept 193744086 (0.474984)
[V] 390	30.8895MB/s	88609.8 kept 194241996 (0.474984)
[V] 391	30.8903MB/s	88612.8 kept 194740226 (0.474984)
[V] 392	30.8939MB/s	88623.7 kept 195238254 (0.474984)
[V] 393	30.8964MB/s	88631.5 kept 195734904 (0.474981)
[V] 394	30.9002MB/s	88643.3 kept 196232658 (0.47498)
[V] 395	30.9058MB/s	88660 kept 196730036 (0.474978)
[V] 396	30.9068MB/s	88662.2 kept 197229302 (0.474981)
[V] 397	30.908MB/s	88660.6 kept 197726918 (0.47498)
[V] 398	30.9112MB/s	88638.3 kept 198223482 (0.474976)
[V] 399	30.914MB/s	88614.7 kept 198720980 (0.474975)
[V] 400	30.9149MB/s	88588.5 kept 199219388 (0.474976)
[V] 401	30.896MB/s	88521.1 kept 199716962 (0.474975)
[V] 402	30.9012MB/s	88536.8 kept 200214998 (0.474975)
[V] 403	30.9063MB/s	88552.6 kept 200713342 (0.474976)
[V] 404	30.9107MB/s	88566.2 kept 201210088 (0.474973)
[V] 405	30.9144MB/s	88577.7 kept 201709060 (0.474975)
[V] 406	30.9187MB/s	88590.9 kept 202207170 (0.474975)
[V] 407	30.9236MB/s	88605.1 kept 202706278 (0.474977)
[V] 408	30.9264MB/s	88613.7 kept 203203594 (0.474976)
[V] 409	30.9259MB/s	88612.4 kept 203702042 (0.474977)
[V] 410	30.9301MB/s	88625 kept 204198820 (0.474974)
[V] 411	30.9311MB/s	88627.6 kept 204695488 (0.47497)
[V] 412	30.9331MB/s	88632.8 kept 205191942 (0.474967)
[V] 413	30.9364MB/s	88643.2 kept 205689482 (0.474966)
[V] 414	30.9396MB/s	88653.6 kept 206186306 (0.474963)
[V] 415	30.9434MB/s	88665 kept 206684806 (0.474964)
[V] 416	30.9478MB/s	88678.7 kept 207184480 (0.474968)
[V] 417	30.9514MB/s	88689.9 kept 207683288 (0.474969)
[V] 418	30.953MB/s	88695 kept 208180218 (0.474967)
[V] 419	30.9566MB/s	88706.1 kept 208678696 (0.474968)
[V] 420	30.9608MB/s	88719.2 kept 209176780 (0.474968)
[V] 421	30.9633MB/s	88727.6 kept 209675982 (0.474971)
[V] 422	30.9662MB/s	88736.6 kept 210174216 (0.474971)
[V] 423	30.9675MB/s	88741 kept 210672496 (0.474972)
[V] 424	30.9654MB/s	88734.9 kept 211170340 (0.474971)
[V] 425	30.967MB/s	88739.8 kept 211668310 (0.474971)
[V] 426	30.965MB/s	88733.2 kept 212165314 (0.474969)
[V] 427	30.9612MB/s	88720 kept 212663726 (0.474969)
[V] 428	30.9597MB/s	88716.4 kept 213162760 (0.474972)
[V] 429	30.9578MB/s	88711 kept 213661686 (0.474974)
[V] 430	30.9319MB/s	88637.2 kept 214160170 (0.474975)
[V] 431	30.9305MB/s	88633.5 kept 214659018 (0.474976)
[V] 432	30.927MB/s	88620.9 kept 215155960 (0.474974)
[V] 433	30.9286MB/s	88623.2 kept 215653744 (0.474973)
[V] 434	30.9272MB/s	88611.9 kept 216152390 (0.474975)
[V] 435	30.9314MB/s	88624.2 kept 216649580 (0.474973)
[V] 436	30.9353MB/s	88636.1 kept 217147056 (0.474971)
[V] 437	30.9388MB/s	88646.9 kept 217644190 (0.47497)
[V] 438	30.9424MB/s	88658.1 kept 218142620 (0.47497)
[V] 439	30.9428MB/s	88660 kept 218640016 (0.474969)
[V] 440	30.943MB/s	88661.1 kept 219138844 (0.474971)
[V] 441	30.9431MB/s	88661.9 kept 219637394 (0.474972)
[V] 442	30.943MB/s	88660.8 kept 220134784 (0.47497)
[V] 443	30.9467MB/s	88672.3 kept 220632128 (0.474969)
[V] 444	30.9456MB/s	88667.2 kept 221130560 (0.47497)
[V] 445	30.9471MB/s	88672.5 kept 221629104 (0.474971)
[V] 446	30.9493MB/s	88679.3 kept 222127238 (0.474971)
[V] 447	30.9484MB/s	88677.1 kept 222625412 (0.474971)
[V] 448	30.9454MB/s	88669 kept 223123604 (0.474972)
[V] 449	30.9492MB/s	88681.1 kept 223621146 (0.47497)
[V] 450	30.9525MB/s	88691.5 kept 224119326 (0.474971)
[V] 451	30.9523MB/s	88692 kept 224617758 (0.474972)
[V] 452	30.9518MB/s	88691.4 kept 225115788 (0.474972)
[V] 453	30.9539MB/s	88697.9 kept 225613086 (0.47497)
[V] 454	30.9559MB/s	88704.1 kept 226111124 (0.47497)
[V] 455	30.9304MB/s	88630.9 kept 226609914 (0.474972)
[V] 456	30.9255MB/s	88615 kept 227107542 (0.474971)
[V] 457	30.9259MB/s	88614.6 kept 227605850 (0.474971)
[V] 458	30.9249MB/s	88612.1 kept 228105056 (0.474974)
[V] 459	30.924MB/s	88610.3 kept 228604070 (0.474976)
[V] 460	30.9258MB/s	88616.1 kept 229103088 (0.474978)
[V] 461	30.9286MB/s	88625 kept 229601498 (0.474978)
[V] 462	30.9309MB/s	88632.4 kept 230099712 (0.474979)
[V] 463	30.9317MB/s	88635.2 kept 230597866 (0.474979)
[V] 464	30.933MB/s	88639.6 kept 231096806 (0.474981)
[V] 465	30.9376MB/s	88653.9 kept 231595154 (0.474981)
[V] 466	30.9412MB/s	88664.8 kept 232092710 (0.47498)
[V] 467	30.9429MB/s	88670.6 kept 232590292 (0.474979)
[V] 468	30.9472MB/s	88683.8 kept 233089662 (0.474982)
[V] 469	30.9527MB/s	88700.4 kept 233587994 (0.474983)
[V] 470	30.9574MB/s	88714.9 kept 234086196 (0.474983)
[V] 471	30.9588MB/s	88719.7 kept 234584524 (0.474984)
[V] 472	30.9591MB/s	88721.3 kept 235083884 (0.474986)
[V] 473	30.9571MB/s	88713.7 kept 235582728 (0.474988)
[V] 474	30.9575MB/s	88712 kept 236080908 (0.474988)
[V] 475	30.961MB/s	88722.6 kept 236578960 (0.474988)
[V] 476	30.9589MB/s	88716.4 kept 237076910 (0.474988)
[V] 477	30.957MB/s	88711 kept 237575540 (0.474989)
[V] 478	30.9557MB/s	88705.8 kept 238073546 (0.474989)
[V] 479	30.9548MB/s	88701.5 kept 238570988 (0.474988)
[V] 480	30.9532MB/s	88697.4 kept 239069424 (0.474988)
[V] 481	30.954MB/s	88699.9 kept 239566726 (0.474987)
[V] 482	30.9576MB/s	88711.1 kept 240065422 (0.474988)
[V] 483	30.9592MB/s	88716.7 kept 240563298 (0.474988)
[V] 484	30.9632MB/s	88729.2 kept 241061050 (0.474987)
[V] 485	30.9667MB/s	88739.9 kept 241558772 (0.474986)
[V] 486	30.9446MB/s	88671.8 kept 242056556 (0.474986)
[V] 487	30.9454MB/s	88675.1 kept 242555328 (0.474987)
[V] 488	30.9443MB/s	88672.5 kept 243052124 (0.474985)
[V] 489	30.945MB/s	88675.1 kept 243549348 (0.474983)
[V] 490	30.9468MB/s	88681.1 kept 244047066 (0.474982)
[V] 491	30.9477MB/s	88684.5 kept 244545280 (0.474983)
[V] 492	30.9531MB/s	88700.6 kept 245042286 (0.474981)
[V] 493	30.9548MB/s	88706.4 kept 245540628 (0.474981)
[V] 494	30.9513MB/s	88696.9 kept 246039986 (0.474984)
[V] 495	30.9513MB/s	88697.7 kept 246537450 (0.474983)
[V] 496	30.949MB/s	88690.9 kept 247034910 (0.474982)
[V] 497	30.949MB/s	88691.2 kept 247532490 (0.474981)
[V] 498	30.9495MB/s	88691.8 kept 248030750 (0.474981)
[V] 499	30.9491MB/s	88690.3 kept 248529912 (0.474983)
[V] 500	30.9496MB/s	88692.5 kept 249027790 (0.474983)
[V] 501	30.9527MB/s	88702.1 kept 249525862 (0.474983)
[V] 502	30.9544MB/s	88707.5 kept 250024964 (0.474985)
[V] 503	30.9574MB/s	88716.7 kept 250522298 (0.474983)
[V] 504	30.9584MB/s	88720.4 kept 251019724 (0.474982)
[V] 505	30.96MB/s	88724.1 kept 251517712 (0.474982)
[V] 506	30.9624MB/s	88730.6 kept 252014360 (0.474979)
[V] 507	30.9654MB/s	88739.9 kept 252513998 (0.474982)
[V] 508	30.9682MB/s	88748.6 kept 253013522 (0.474985)
[V] 509	30.9653MB/s	88740.5 kept 253511816 (0.474986)
[V] 510	30.9641MB/s	88737.1 kept 254010676 (0.474987)
[V] 511	30.9666MB/s	88744.9 kept 254508548 (0.474987)
[V] 512	30.9688MB/s	88750.9 kept 255006890 (0.474987)
[V] 513	30.9713MB/s	88758.8 kept 255504812 (0.474987)
[V] 514	30.9519MB/s	88703.5 kept 256002536 (0.474986)
[V] 515	30.9565MB/s	88717.8 kept 256500712 (0.474987)
[V] 516	30.9588MB/s	88725.2 kept 256998034 (0.474985)
[V] 517	30.9626MB/s	88736.7 kept 257496092 (0.474985)
[V] 518	30.9643MB/s	88742.6 kept 257995148 (0.474987)
[V] 519	30.9672MB/s	88751.5 kept 258493382 (0.474987)
[V] 520	30.9709MB/s	88763 kept 258992558 (0.47499)
[V] 521	30.9705MB/s	88762.6 kept 259489870 (0.474988)
[V] 522	30.973MB/s	88770.4 kept 259987790 (0.474988)
[V] 523	30.9752MB/s	88777.2 kept 260486522 (0.474989)
[V] 524	30.9764MB/s	88781.5 kept 260984710 (0.474989)
[V] 525	30.9773MB/s	88784.4 kept 261483146 (0.47499)
[V] 526	30.9757MB/s	88780.5 kept 261980538 (0.474989)
[V] 527	30.977MB/s	88784.5 kept 262478538 (0.474989)
[V] 528	30.9761MB/s	88781.9 kept 262977026 (0.474989)
[V] 529	30.9775MB/s	88786.3 kept 263476092 (0.474991)
[V] 530	30.9763MB/s	88782.4 kept 263975692 (0.474994)
[V] 531	30.9767MB/s	88779.9 kept 264473090 (0.474993)
[V] 532	30.977MB/s	88780.5 kept 264971248 (0.474993)
[V] 533	30.978MB/s	88783.9 kept 265468470 (0.474991)
[V] 534	30.9805MB/s	88791.6 kept 265967386 (0.474993)
[V] 535	30.9831MB/s	88800 kept 266466098 (0.474994)
[V] 536	30.986MB/s	88808.8 kept 266963234 (0.474992)
[V] 537	30.9866MB/s	88811.1 kept 267461538 (0.474993)
[V] 538	30.9868MB/s	88812.1 kept 267960512 (0.474995)
[V] 539	30.9897MB/s	88821.2 kept 268458178 (0.474994)
[V] 540	30.9918MB/s	88827.2 kept 268955022 (0.474992)
[V] 541	30.9934MB/s	88832 kept 269452462 (0.474991)
[V] 542	30.9967MB/s	88842.1 kept 269950252 (0.47499)
[V] 543	30.9996MB/s	88850.7 kept 270448288 (0.47499)
[V] 544	31.0013MB/s	88856.5 kept 270946798 (0.474991)
[V] 545	30.9859MB/s	88812.8 kept 271444180 (0.47499)
[V] 546	30.9884MB/s	88820.6 kept 271942570 (0.47499)
[V] 547	30.9903MB/s	88827 kept 272441224 (0.474991)
[V] 548	30.995MB/s	88841 kept 272940900 (0.474994)
[V] 549	30.9974MB/s	88848.8 kept 273437634 (0.474992)
[V] 550	30.9976MB/s	88850 kept 273934832 (0.47499)
[V] 551	31.0004MB/s	88858.7 kept 274433502 (0.474991)
[V] 552	31.0051MB/s	88873.2 kept 274931454 (0.474991)
[V] 553	31.0074MB/s	88880.3 kept 275429398 (0.474991)
[V] 554	31.01MB/s	88888.5 kept 275927320 (0.474991)
[V] 555	31.0128MB/s	88897.3 kept 276425750 (0.474991)
[V] 556	31.0156MB/s	88905.9 kept 276923234 (0.47499)
[V] 557	31.0183MB/s	88914.1 kept 277421584 (0.474991)
[V] 558	31.0204MB/s	88920.8 kept 277921174 (0.474993)
[V] 559	31.0237MB/s	88931.2 kept 278419072 (0.474993)
[V] 560	31.0271MB/s	88941.5 kept 278918668 (0.474996)
[V] 561	31.0301MB/s	88950.9 kept 279416346 (0.474995)
[V] 562	31.0331MB/s	88959.8 kept 279915924 (0.474998)
[V] 563	31.0322MB/s	88956.6 kept 280413468 (0.474997)
[V] 564	31.0339MB/s	88953.3 kept 280912038 (0.474998)
[V] 565	31.0354MB/s	88957.5 kept 281410990 (0.474999)
[V] 566	31.0377MB/s	88964 kept 281909568 (0.475)
[V] 567	31.0408MB/s	88973.7 kept 282407950 (0.475)
[V] 568	31.0429MB/s	88980.2 kept 282906650 (0.475001)
[V] 569	31.0453MB/s	88987.5 kept 283405050 (0.475002)
[V] 570	31.0477MB/s	88994.9 kept 283903322 (0.475002)
[V] 571	31.0511MB/s	89005.3 kept 284400626 (0.475001)
[V] 572	31.0537MB/s	89013.5 kept 284897554 (0.474999)
[V] 573	31.0562MB/s	89021 kept 285395826 (0.474999)
[V] 574	31.0586MB/s	89028.3 kept 285894064 (0.475)
[V] 575	31.0587MB/s	89029.2 kept 286393112 (0.475001)
[V] 576	31.0615MB/s	89037.9 kept 286891784 (0.475002)
[V] 577	31.0629MB/s	89042.5 kept 287391268 (0.475005)
[V] 578	31.0623MB/s	89041.2 kept 287888830 (0.475004)
[V] 579	31.0456MB/s	88993.5 kept 288387008 (0.475004)
[V] 580	31.0467MB/s	88997.2 kept 288886516 (0.475006)
[V] 581	31.05MB/s	89007.4 kept 289384418 (0.475006)
[V] 582	31.0509MB/s	89010.7 kept 289883138 (0.475007)
[V] 583	31.0517MB/s	89013.5 kept 290380168 (0.475005)
[V] 584	31.0526MB/s	89016.5 kept 290878964 (0.475007)
[V] 585	31.0532MB/s	89018.8 kept 291377034 (0.475006)
[V] 586	31.0513MB/s	89013.5 kept 291874316 (0.475005)
[V] 587	31.0508MB/s	89008.4 kept 292373340 (0.475007)
[V] 588	31.0502MB/s	89000 kept 292871158 (0.475006)
[V] 589	31.0488MB/s	88992.8 kept 293369584 (0.475007)
[V] 590	31.0497MB/s	88991.9 kept 293868246 (0.475008)
[V] 591	31.0523MB/s	88999.6 kept 294367294 (0.475009)
[V] 592	31.0535MB/s	89003.3 kept 294866368 (0.475011)
[V] 593	31.054MB/s	89004.5 kept 295364886 (0.475012)
[V] 594	31.0551MB/s	89008.2 kept 295862522 (0.475011)
[V] 595	31.0563MB/s	89012.3 kept 296360418 (0.475011)
[V] 596	31.0589MB/s	89020.1 kept 296858574 (0.475011)
[V] 597	31.0593MB/s	89021.9 kept 297357438 (0.475012)
[V] 598	31.0596MB/s	89023.3 kept 297854534 (0.47501)
[V] 599	31.0612MB/s	89028.3 kept 298353620 (0.475012)
[V] 600	31.0617MB/s	89029.9 kept 298849592 (0.475009)
[V] 601	31.0586MB/s	89020.4 kept 299349030 (0.475011)
[V] 602	31.0602MB/s	89025.3 kept 299847504 (0.475011)
[V] 603	31.0615MB/s	89026.3 kept 300346204 (0.475012)
[V] 604	31.0424MB/s	88971.4 kept 300844912 (0.475013)
[V] 605	31.0432MB/s	88974 kept 301343566 (0.475014)
[V] 606	31.0446MB/s	88978.9 kept 301840984 (0.475013)
[V] 607	31.0428MB/s	88973.9 kept 302339910 (0.475015)
[V] 608	31.0396MB/s	88963 kept 302838876 (0.475016)
[V] 609	31.0386MB/s	88960.2 kept 303337610 (0.475017)
[V] 610	31.0363MB/s	88953.8 kept 303836708 (0.475018)
[V] 611	31.0368MB/s	88951.8 kept 304333354 (0.475016)
[V] 612	31.0388MB/s	88955 kept 304832418 (0.475018)
[V] 613	31.0378MB/s	88950.4 kept 305331002 (0.475018)
[V] 614	31.0367MB/s	88947.2 kept 305829554 (0.475019)
[V] 615	31.0364MB/s	88940.4 kept 306327296 (0.475019)
[V] 616	31.0316MB/s	88916.1 kept 306825508 (0.475019)
[V] 617	30.9953MB/s	88787.1 kept 307322944 (0.475018)
[V] 618	30.9762MB/s	88711.3 kept 307820514 (0.475017)
[V] 619	30.974MB/s	88702 kept 308319354 (0.475018)
[V] 620	30.9758MB/s	88708.1 kept 308818020 (0.475019)
[V] 621	30.9748MB/s	88705.7 kept 309315692 (0.475018)
[V] 622	30.9764MB/s	88710.7 kept 309813858 (0.475019)
[V] 623	30.9791MB/s	88719.3 kept 310312530 (0.475019)
[V] 624	30.9789MB/s	88719.4 kept 310811696 (0.475021)
[V] 625	30.9799MB/s	88720.7 kept 311309162 (0.47502)
[V] 626	30.9787MB/s	88717.5 kept 311806954 (0.47502)
[V] 627	30.9801MB/s	88722.1 kept 312305784 (0.475021)
[V] 628	30.9795MB/s	88720.7 kept 312802460 (0.475019)
[V] 629	30.9769MB/s	88712 kept 313301530 (0.47502)
[V] 630	30.975MB/s	88706.1 kept 313799150 (0.475019)
[V] 631	30.9743MB/s	88704 kept 314295912 (0.475017)
[V] 632	30.9761MB/s	88709.7 kept 314793878 (0.475017)
[V] 633	30.9778MB/s	88713.1 kept 315292156 (0.475017)
[V] 634	30.9624MB/s	88664.7 kept 315789828 (0.475017)
[V] 635	30.9618MB/s	88662.5 kept 316287478 (0.475016)
[V] 636	30.963MB/s	88665.6 kept 316786178 (0.475017)
[V] 637	30.9635MB/s	88665.1 kept 317284484 (0.475017)
[V] 638	30.963MB/s	88663.8 kept 317781850 (0.475016)
[V] 639	30.9625MB/s	88659.9 kept 318278234 (0.475014)
[V] 640	30.9624MB/s	88660 kept 318775910 (0.475013)
[V] 641	30.9646MB/s	88667 kept 319274832 (0.475014)
[V] 642	30.9652MB/s	88669.3 kept 319772266 (0.475013)
[V] 643	30.9664MB/s	88672.2 kept 320269652 (0.475012)
[V] 644	30.967MB/s	88673.4 kept 320768152 (0.475013)
[V] 645	30.9693MB/s	88680.8 kept 321266562 (0.475013)
[V] 646	30.9688MB/s	88679.5 kept 321764506 (0.475013)
[V] 647	30.9651MB/s	88668.9 kept 322262818 (0.475014)
[V] 648	30.9642MB/s	88665.6 kept 322760892 (0.475014)
[V] 649	30.9664MB/s	88672.5 kept 323259830 (0.475015)
[V] 650	30.969MB/s	88680.8 kept 323758428 (0.475016)
[V] 651	30.9691MB/s	88681.8 kept 324255768 (0.475014)
[V] 652	30.9708MB/s	88687.1 kept 324753350 (0.475014)
[V] 653	30.9723MB/s	88689.9 kept 325250452 (0.475012)
[V] 654	30.9704MB/s	88680.3 kept 325748616 (0.475012)
[V] 655	30.9537MB/s	88632.8 kept 326246556 (0.475012)
[V] 656	30.9544MB/s	88635.7 kept 326745704 (0.475014)
[V] 657	30.9536MB/s	88634 kept 327243000 (0.475013)
[V] 658	30.9512MB/s	88627.9 kept 327740492 (0.475012)
[V] 659	30.9513MB/s	88628.7 kept 328239880 (0.475014)
[V] 660	30.9517MB/s	88630.5 kept 328736954 (0.475012)
[V] 661	30.9498MB/s	88626 kept 329235726 (0.475013)
[V] 662	30.9452MB/s	88611.8 kept 329733442 (0.475013)
[V] 663	30.9417MB/s	88601 kept 330230672 (0.475011)
[V] 664	30.9387MB/s	88591.1 kept 330728544 (0.475011)
[V] 665	30.9342MB/s	88577.9 kept 331226420 (0.475011)
[V] 666	30.9321MB/s	88571.7 kept 331725232 (0.475012)
[V] 667	30.9325MB/s	88571.8 kept 332223920 (0.475013)
[V] 668	30.9319MB/s	88570.5 kept 332722712 (0.475014)
[V] 669	30.9313MB/s	88569 kept 333219396 (0.475012)
[V] 670	30.929MB/s	88562.2 kept 333717190 (0.475011)
[V] 671	30.9287MB/s	88559.5 kept 334214668 (0.47501)
[V] 672	30.9253MB/s	88549.5 kept 334713794 (0.475012)
[V] 673	30.9056MB/s	88492.4 kept 335212172 (0.475012)
[V] 674	30.9054MB/s	88491.3 kept 335709248 (0.475011)
[V] 675	30.9048MB/s	88489.7 kept 336207852 (0.475012)
[V] 676	30.9061MB/s	88494.1 kept 336705922 (0.475012)
[V] 677	30.906MB/s	88494.7 kept 337204522 (0.475012)
[V] 678	30.9072MB/s	88499 kept 337701344 (0.47501)
[V] 679	30.9089MB/s	88504.5 kept 338199460 (0.475011)
[V] 680	30.9087MB/s	88504.6 kept 338696468 (0.475009)
[V] 681	30.9082MB/s	88501.2 kept 339195130 (0.47501)
[V] 682	30.9062MB/s	88495.7 kept 339694176 (0.475011)
[V] 683	30.9035MB/s	88488.5 kept 340192572 (0.475012)
[V] 684	30.9046MB/s	88492.4 kept 340689188 (0.47501)
[V] 685	30.9045MB/s	88492.6 kept 341188388 (0.475011)
[V] 686	30.902MB/s	88485.6 kept 341686382 (0.475011)
[V] 687	30.9014MB/s	88484.5 kept 342185260 (0.475012)
[V] 688	30.8998MB/s	88480.4 kept 342682596 (0.475011)
[V] 689	30.8986MB/s	88476 kept 343179568 (0.475009)
[V] 690	30.8979MB/s	88464.9 kept 343678256 (0.47501)
[V] 691	30.8989MB/s	88468.5 kept 344176762 (0.475011)
[V] 692	30.9004MB/s	88473.3 kept 344676556 (0.475013)
[V] 693	30.9016MB/s	88477.3 kept 345175632 (0.475015)
[V] 694	30.9019MB/s	88478.5 kept 345674116 (0.475015)
[V] 695	30.9032MB/s	88482.8 kept 346172742 (0.475016)
[V] 696	30.9044MB/s	88486.5 kept 346671344 (0.475017)
[V] 697	30.8869MB/s	88436.9 kept 347169434 (0.475017)
[V] 698	30.8838MB/s	88427.6 kept 347667194 (0.475016)
[V] 699	30.882MB/s	88417.5 kept 348165548 (0.475017)
[V] 700	30.8808MB/s	88411.5 kept 348663028 (0.475016)
[V] 701	30.8811MB/s	88412.4 kept 349160560 (0.475015)
[V] 702	30.8799MB/s	88409.3 kept 349659106 (0.475016)
[V] 703	30.8783MB/s	88405.2 kept 350156798 (0.475015)
[V] 704	30.8775MB/s	88402.7 kept 350654734 (0.475015)
[V] 705	30.876MB/s	88398.4 kept 351153280 (0.475015)
[V] 706	30.8727MB/s	88388.1 kept 351650426 (0.475014)
[V] 707	30.8724MB/s	88387.4 kept 352148156 (0.475014)
[V] 708	30.8725MB/s	88388.3 kept 352645030 (0.475012)
[V] 709	30.8725MB/s	88389 kept 353143266 (0.475012)
[V] 710	30.8726MB/s	88389.9 kept 353642414 (0.475014)
[V] 711	30.8733MB/s	88392.8 kept 354141070 (0.475014)
[V] 712	30.8701MB/s	88384.2 kept 354639304 (0.475015)
[V] 713	30.8665MB/s	88373.2 kept 355136070 (0.475013)
[V] 714	30.8521MB/s	88331.4 kept 355634392 (0.475013)
[V] 715	30.8516MB/s	88329.8 kept 356132714 (0.475013)
[V] 716	30.8499MB/s	88324.9 kept 356631302 (0.475014)
[V] 717	30.8489MB/s	88322.3 kept 357129854 (0.475015)
[V] 718	30.8492MB/s	88323.1 kept 357628704 (0.475016)
[V] 719	30.8494MB/s	88321.9 kept 358126566 (0.475015)
[V] 720	30.85MB/s	88324 kept 358623532 (0.475014)
[V] 721	30.8479MB/s	88318.5 kept 359121266 (0.475013)
[V] 722	30.8395MB/s	88295 kept 359618870 (0.475013)
[V] 723	30.8357MB/s	88284.7 kept 360117410 (0.475013)
[V] 724	30.8284MB/s	88264.5 kept 360616372 (0.475015)
[V] 725	30.8155MB/s	88227.6 kept 361114602 (0.475015)
[V] 726	30.8031MB/s	88192 kept 361613176 (0.475015)
[V] 727	30.7908MB/s	88156.9 kept 362111064 (0.475015)
[V] 728	30.7618MB/s	88070.8 kept 362608322 (0.475014)
[V] 729	30.7515MB/s	88041.2 kept 363106366 (0.475014)
[V] 730	30.7435MB/s	88015.1 kept 363604652 (0.475014)
[V] 731	30.7389MB/s	87994 kept 364103600 (0.475015)
[V] 732	30.7333MB/s	87975.6 kept 364602548 (0.475017)
[V] 733	30.7213MB/s	87934.7 kept 365101124 (0.475017)
[V] 734	30.7058MB/s	87883.5 kept 365597792 (0.475015)
[V] 735	30.6651MB/s	87765 kept 366094906 (0.475014)
[V] 736	30.6351MB/s	87673.9 kept 366593716 (0.475015)
[V] 737	30.6282MB/s	87649.8 kept 367091664 (0.475015)
[V] 738	30.6147MB/s	87609.7 kept 367589304 (0.475014)
[V] 739	30.5987MB/s	87561.6 kept 368087784 (0.475015)
[V] 740	30.5614MB/s	87445.9 kept 368585342 (0.475014)
[V] 741	30.536MB/s	87363.6 kept 369083292 (0.475014)
[V] 742	30.5169MB/s	87290.8 kept 369581770 (0.475014)
[V] 743	30.5093MB/s	87259.1 kept 370080040 (0.475015)
[V] 744	30.491MB/s	87192.8 kept 370578020 (0.475014)
[V] 745	30.4809MB/s	87151.7 kept 371075714 (0.475014)
[V] 746	30.4537MB/s	87064.5 kept 371573606 (0.475014)
[V] 747	30.4166MB/s	86953.1 kept 372071592 (0.475014)
[V] 748	30.3754MB/s	86827.1 kept 372572596 (0.475017)
[V] 749	30.3515MB/s	86748.4 kept 373071206 (0.475018)
[V] 750	30.3061MB/s	86605.4 kept 373569040 (0.475018)
[V] 751	30.2678MB/s	86490.3 kept 374067552 (0.475018)
[V] 752	30.2391MB/s	86402.9 kept 374565780 (0.475018)
[V] 753	30.2023MB/s	86287.7 kept 375062990 (0.475017)
[V] 754	30.1854MB/s	86232.7 kept 375561660 (0.475018)
[V] 755	30.1488MB/s	86116.6 kept 376059612 (0.475018)
[V] 756	30.1273MB/s	86048.9 kept 376558600 (0.475019)
[V] 757	30.1024MB/s	85970.3 kept 377056196 (0.475018)
[V] 758	30.0669MB/s	85862 kept 377554656 (0.475019)
[V] 759	30.027MB/s	85740.5 kept 378053070 (0.475019)
[V] 760	30.0052MB/s	85665.3 kept 378550540 (0.475018)
[V] 761	29.9863MB/s	85599.2 kept 379048510 (0.475018)
[V] 762	29.9433MB/s	85468.3 kept 379546580 (0.475018)
[V] 763	29.9123MB/s	85371.7 kept 380044394 (0.475018)
[V] 764	29.8836MB/s	85283.9 kept 380542548 (0.475018)
[V] 765	29.8429MB/s	85155.8 kept 381039436 (0.475016)
[V] 766	29.8343MB/s	85116.8 kept 381538528 (0.475018)
[V] 767	29.8287MB/s	85086.4 kept 382036654 (0.475018)
[V] 768	29.8191MB/s	85044.4 kept 382535042 (0.475018)
[V] 769	29.8121MB/s	85010.1 kept 383032950 (0.475018)
[V] 770	29.8061MB/s	84978.8 kept 383531532 (0.475018)
[V] 771	29.7946MB/s	84931.4 kept 384029252 (0.475018)
[V] 772	29.7882MB/s	84899.2 kept 384527482 (0.475018)
[V] 773	29.7792MB/s	84859.1 kept 385025574 (0.475018)
[V] 774	29.7722MB/s	84824.8 kept 385524012 (0.475019)
[V] 775	29.7655MB/s	84791.4 kept 386022130 (0.475019)
[V] 776	29.7587MB/s	84757.7 kept 386520212 (0.475019)
[V] 777	29.7528MB/s	84726.7 kept 387017266 (0.475017)
[V] 778	29.745MB/s	84690.1 kept 387514782 (0.475017)
[V] 779	29.7394MB/s	84659.7 kept 388013576 (0.475017)
[V] 780	29.7304MB/s	84619.7 kept 388511864 (0.475018)
[V] 781	29.7258MB/s	84592.8 kept 389010218 (0.475018)
[V] 782	29.7202MB/s	84562.5 kept 389508906 (0.475019)
[V] 819988228
[V] MemUsage(size=60.375,rss=11.3789,peak=283.672) wall clock time 02:41:37:25470900
+ date
