+ set -o pipefail
+ mkdir -p /nfs/users/nfs_s/sb43/sb43_scratch116/rt_user/downsampling_564469/scripts/cgp_downsampler/downsampledBams
++ awk -v bases=3137454505 '($0!~/#/) {sum=sum+$9} END { print (17+1)/(sum/bases)}' ../../downsample_input/CAL-27_E23.A16sB9.bam.bas
+ DS_FACTOR=0.453383
++ awk '(NR==2) {print $2}' ../../downsample_input/CAL-27_E23.A16sB9.bam.bas
+ SAMPLE=CAL-27_E23.A16sB9
+ /software/CGP/canpipe/test/bin/canpipe_test bamdownsamplerandom seed=3137454505 p=0.453383 I=../../downsample_input/CAL-27_E23.A16sB9.bam level=1 O=/nfs/users/nfs_s/sb43/sb43_scratch116/rt_user/downsampling_564469/scripts/cgp_downsampler/downsampledBams/CAL-27_E23.A16sB9.bam
[V] 1	25.5354MB/s	71211.9 kept 475096 (0.453087)
[V] 2	27.3087MB/s	76950.6 kept 950238 (0.453109)
[V] 3	27.1228MB/s	76667.6 kept 1425604 (0.453187)
[V] 4	27.7083MB/s	78232.2 kept 1900054 (0.453008)
[V] 5	28.0439MB/s	79115.7 kept 2374398 (0.45288)
[V] 6	28.1492MB/s	79530.7 kept 2849894 (0.452978)
[V] 7	28.0543MB/s	79324.2 kept 3324686 (0.452953)
[V] 8	28.1342MB/s	79618.8 kept 3800210 (0.45302)
[V] 9	28.2941MB/s	80139.4 kept 4275420 (0.45304)
[V] 10	28.3414MB/s	80328.3 kept 4751362 (0.453125)
[V] 11	28.3349MB/s	80354.3 kept 5225330 (0.453024)
[V] 12	28.4188MB/s	80611.1 kept 5700420 (0.453029)
[V] 13	28.5603MB/s	81061.8 kept 6175622 (0.453041)
[V] 14	28.5838MB/s	81156.4 kept 6650724 (0.453045)
[V] 15	28.6386MB/s	81351.4 kept 7125860 (0.45305)
[V] 16	28.1892MB/s	80102.9 kept 7601336 (0.453075)
[V] 17	28.2794MB/s	80382.9 kept 8076382 (0.453073)
[V] 18	28.3472MB/s	80601.1 kept 8551176 (0.453058)
[V] 19	28.4165MB/s	80826.2 kept 9026594 (0.453075)
[V] 20	28.5485MB/s	81223.8 kept 9501802 (0.453081)
[V] 21	28.6159MB/s	81434.7 kept 9978774 (0.453167)
[V] 22	28.6516MB/s	81554 kept 10452872 (0.45312)
[V] 23	28.6994MB/s	81690.3 kept 10928676 (0.453148)
[V] 24	28.7978MB/s	81984.9 kept 11403834 (0.453148)
[V] 25	28.8265MB/s	82074.2 kept 11879284 (0.453159)
[V] 26	28.8449MB/s	82142.5 kept 12355348 (0.453191)
[V] 27	28.9048MB/s	82325.9 kept 12829444 (0.453152)
[V] 28	28.9719MB/s	82495.3 kept 13305460 (0.453181)
[V] 29	29.0142MB/s	82616 kept 13781872 (0.453221)
[V] 30	29.0591MB/s	82752.9 kept 14256956 (0.453216)
[V] 31	29.0907MB/s	82850 kept 14731698 (0.453201)
[V] 32	29.15MB/s	83022.9 kept 15207496 (0.453219)
[V] 33	29.1485MB/s	82857.7 kept 15682762 (0.45322)
[V] 34	29.1896MB/s	82888.5 kept 16158104 (0.453223)
[V] 35	28.9352MB/s	82035.5 kept 16634582 (0.453256)
[V] 36	28.9579MB/s	82106.6 kept 17110634 (0.453277)
[V] 37	28.9742MB/s	82162.1 kept 17585972 (0.453278)
[V] 38	29.0161MB/s	82271.9 kept 18062128 (0.4533)
[V] 39	29.0631MB/s	82421.3 kept 18537652 (0.453305)
[V] 40	29.0884MB/s	82508.3 kept 19012678 (0.453298)
[V] 41	29.1241MB/s	82624.9 kept 19488328 (0.453305)
[V] 42	29.1544MB/s	82725.5 kept 19964884 (0.453333)
[V] 43	29.1915MB/s	82844.7 kept 20440076 (0.45333)
[V] 44	29.2147MB/s	82923.3 kept 20915182 (0.453324)
[V] 45	29.2537MB/s	83047.5 kept 21390608 (0.453326)
[V] 46	29.2966MB/s	83183.2 kept 21865226 (0.453311)
[V] 47	29.3224MB/s	83269.9 kept 22340380 (0.453307)
[V] 48	29.3514MB/s	83362.6 kept 22816048 (0.453314)
[V] 49	29.38MB/s	83454.9 kept 23290850 (0.453304)
[V] 50	29.3602MB/s	83399.3 kept 23766566 (0.453311)
[V] 51	29.3772MB/s	83442.5 kept 24241272 (0.4533)
[V] 52	29.3948MB/s	83501.2 kept 24718214 (0.453329)
[V] 53	29.3998MB/s	83525.5 kept 25193812 (0.453334)
[V] 54	29.4317MB/s	83626.9 kept 25670482 (0.453357)
[V] 55	29.4447MB/s	83672.3 kept 26144436 (0.453332)
[V] 56	29.2829MB/s	83213.4 kept 26618690 (0.453314)
[V] 57	29.2779MB/s	83204.5 kept 27094226 (0.453317)
[V] 58	29.2907MB/s	83247.5 kept 27569646 (0.453318)
[V] 59	29.3088MB/s	83304.4 kept 28046156 (0.453337)
[V] 60	29.3129MB/s	83323.8 kept 28523082 (0.453362)
[V] 61	29.3312MB/s	83371.5 kept 28997772 (0.453351)
[V] 62	29.3443MB/s	83410.4 kept 29474022 (0.453365)
[V] 63	29.3461MB/s	83406.1 kept 29948930 (0.453358)
[V] 64	29.3644MB/s	83462.1 kept 30424688 (0.453363)
[V] 65	29.3732MB/s	83493.3 kept 30900392 (0.453368)
[V] 66	29.3851MB/s	83530.9 kept 31376432 (0.453377)
[V] 67	29.401MB/s	83583.6 kept 31851566 (0.453373)
[V] 68	29.4027MB/s	83595.5 kept 32326644 (0.453369)
[V] 69	29.4263MB/s	83669.8 kept 32802516 (0.453376)
[V] 70	29.4312MB/s	83687.5 kept 33278448 (0.453383)
[V] 71	29.424MB/s	83672.3 kept 33753854 (0.453383)
[V] 72	29.0137MB/s	82503.1 kept 34227938 (0.453365)
[V] 73	29.0196MB/s	82525.2 kept 34702026 (0.453348)
[V] 74	29.0437MB/s	82598.2 kept 35177432 (0.453349)
[V] 75	29.0596MB/s	82647.8 kept 35652190 (0.453341)
[V] 76	29.0709MB/s	82684.5 kept 36127670 (0.453343)
[V] 77	29.0832MB/s	82726.3 kept 36603570 (0.453349)
[V] 78	29.106MB/s	82796.9 kept 37079700 (0.453358)
[V] 79	29.1301MB/s	82870.9 kept 37554560 (0.453352)
[V] 80	29.1299MB/s	82874.6 kept 38029418 (0.453346)
[V] 81	29.1486MB/s	82931.8 kept 38504048 (0.453337)
[V] 82	29.1598MB/s	82967.6 kept 38979654 (0.45334)
[V] 83	29.1618MB/s	82974.1 kept 39453532 (0.453323)
[V] 84	29.186MB/s	83047.1 kept 39929012 (0.453325)
[V] 85	29.204MB/s	83103.9 kept 40404204 (0.453323)
[V] 86	29.2275MB/s	83175.4 kept 40878458 (0.453311)
[V] 87	29.2344MB/s	83171.4 kept 41353386 (0.453306)
[V] 88	29.1174MB/s	82776.9 kept 41827352 (0.453292)
[V] 89	29.1295MB/s	82787.9 kept 42303154 (0.453297)
[V] 90	29.1421MB/s	82827.8 kept 42778496 (0.453297)
[V] 91	29.1558MB/s	82873.3 kept 43255016 (0.45331)
[V] 92	29.1692MB/s	82908.3 kept 43730906 (0.453316)
[V] 93	29.1763MB/s	82908.8 kept 44206824 (0.453322)
[V] 94	29.1951MB/s	82957.9 kept 44681610 (0.453316)
[V] 95	29.211MB/s	83007.8 kept 45157130 (0.453318)
[V] 96	29.2202MB/s	83038.7 kept 45633598 (0.453329)
[V] 97	29.2328MB/s	83079.7 kept 46107348 (0.453313)
[V] 98	29.2414MB/s	83091.8 kept 46582368 (0.45331)
[V] 99	29.2536MB/s	83107 kept 47057004 (0.453304)
[V] 100	29.2628MB/s	83137.4 kept 47531158 (0.453292)
[V] 101	29.2834MB/s	83201.7 kept 48005898 (0.453287)
[V] 102	29.3003MB/s	83255.8 kept 48479890 (0.453275)
[V] 103	29.3189MB/s	83314.9 kept 48954826 (0.453271)
[V] 104	29.2419MB/s	83098.1 kept 49429514 (0.453266)
[V] 105	29.2501MB/s	83126.5 kept 49904448 (0.453263)
[V] 106	29.2627MB/s	83166.6 kept 50379568 (0.453261)
[V] 107	29.2746MB/s	83205.9 kept 50854490 (0.453258)
[V] 108	29.283MB/s	83234.7 kept 51329388 (0.453255)
[V] 109	29.2983MB/s	83281.7 kept 51803788 (0.453247)
[V] 110	29.3015MB/s	83294.7 kept 52279370 (0.45325)
[V] 111	29.3061MB/s	83312.3 kept 52753578 (0.453241)
[V] 112	29.3227MB/s	83364.1 kept 53228146 (0.453235)
[V] 113	29.3346MB/s	83402.4 kept 53704622 (0.453245)
[V] 114	29.3475MB/s	83443.5 kept 54180688 (0.453252)
[V] 115	29.3556MB/s	83470.8 kept 54656592 (0.453257)
[V] 116	29.3688MB/s	83512.4 kept 55132396 (0.453262)
[V] 117	29.3809MB/s	83550.6 kept 55607128 (0.453257)
[V] 118	29.3829MB/s	83558.6 kept 56081386 (0.453249)
[V] 119	29.3913MB/s	83586.4 kept 56557794 (0.453258)
[V] 120	29.4031MB/s	83623.3 kept 57032908 (0.453257)
[V] 121	29.4067MB/s	83637.8 kept 57508480 (0.453259)
[V] 122	29.4129MB/s	83657.9 kept 57983344 (0.453256)
[V] 123	29.4191MB/s	83678.9 kept 58457566 (0.453248)
[V] 124	29.43MB/s	83713.3 kept 58933852 (0.453256)
[V] 125	29.4377MB/s	83738.6 kept 59408756 (0.453253)
[V] 126	29.4418MB/s	83751.3 kept 59884066 (0.453253)
[V] 127	29.3666MB/s	83539.2 kept 60360434 (0.453261)
[V] 128	29.3657MB/s	83536.6 kept 60836464 (0.453267)
[V] 129	29.3661MB/s	83536.2 kept 61312762 (0.453274)
[V] 130	29.3665MB/s	83539.9 kept 61788440 (0.453277)
[V] 131	29.359MB/s	83520.7 kept 62263636 (0.453277)
[V] 132	29.3638MB/s	83537.2 kept 62738098 (0.453271)
[V] 133	29.3656MB/s	83545.5 kept 63214424 (0.453278)
[V] 134	29.3619MB/s	83537.6 kept 63690696 (0.453285)
[V] 135	29.3593MB/s	83532.4 kept 64164880 (0.453277)
[V] 136	29.3484MB/s	83502.3 kept 64640598 (0.45328)
[V] 137	29.3499MB/s	83509 kept 65116192 (0.453282)
[V] 138	29.3476MB/s	83505.5 kept 65592900 (0.453292)
[V] 139	29.3503MB/s	83513.3 kept 66067804 (0.453289)
[V] 140	29.353MB/s	83524.4 kept 66543130 (0.453289)
[V] 141	29.3649MB/s	83561.3 kept 67019240 (0.453295)
[V] 142	29.3771MB/s	83598.9 kept 67494008 (0.453291)
[V] 143	29.3168MB/s	83427.5 kept 67969308 (0.453291)
[V] 144	29.3274MB/s	83460.7 kept 68444052 (0.453287)
[V] 145	29.3425MB/s	83506.1 kept 68919086 (0.453285)
[V] 146	29.3483MB/s	83524.6 kept 69393594 (0.45328)
[V] 147	29.3548MB/s	83546.3 kept 69867242 (0.453269)
[V] 148	29.37MB/s	83592.7 kept 70342144 (0.453267)
[V] 149	29.3792MB/s	83621.7 kept 70817038 (0.453264)
[V] 150	29.3874MB/s	83647.6 kept 71291742 (0.453261)
[V] 151	29.4015MB/s	83690 kept 71767174 (0.453262)
[V] 152	29.4118MB/s	83722.2 kept 72242026 (0.453259)
[V] 153	29.4211MB/s	83751.3 kept 72717330 (0.453259)
[V] 154	29.4212MB/s	83752.9 kept 73192142 (0.453256)
[V] 155	29.4191MB/s	83745.8 kept 73667056 (0.453254)
[V] 156	29.4267MB/s	83766.5 kept 74142524 (0.453255)
[V] 157	29.4311MB/s	83780.9 kept 74617662 (0.453254)
[V] 158	29.4364MB/s	83798.2 kept 75093888 (0.45326)
[V] 159	29.4453MB/s	83824.6 kept 75570016 (0.453265)
[V] 160	29.4496MB/s	83838.6 kept 76045770 (0.453268)
[V] 161	29.4589MB/s	83866.4 kept 76522262 (0.453275)
[V] 162	29.4712MB/s	83904.3 kept 76998138 (0.453279)
[V] 163	29.4817MB/s	83936.6 kept 77473302 (0.453278)
[V] 164	29.4935MB/s	83972.2 kept 77948002 (0.453274)
[V] 165	29.4981MB/s	83987.5 kept 78423206 (0.453274)
[V] 166	29.5085MB/s	84019 kept 78898880 (0.453276)
[V] 167	29.5201MB/s	84054.2 kept 79374460 (0.453278)
[V] 168	29.5262MB/s	84073.8 kept 79849740 (0.453278)
[V] 169	29.5387MB/s	84111.3 kept 80325880 (0.453282)
[V] 170	29.5481MB/s	84140.5 kept 80801536 (0.453284)
[V] 171	29.4925MB/s	83983.1 kept 81278088 (0.453291)
[V] 172	29.5048MB/s	84020.5 kept 81751794 (0.453282)
[V] 173	29.513MB/s	84046.4 kept 82227654 (0.453286)
[V] 174	29.5228MB/s	84075.9 kept 82702334 (0.453282)
[V] 175	29.5283MB/s	84093.9 kept 83177114 (0.453279)
[V] 176	29.5313MB/s	84104.2 kept 83652758 (0.453281)
[V] 177	29.5419MB/s	84136.3 kept 84129330 (0.453288)
[V] 178	29.5475MB/s	84153.9 kept 84604766 (0.453289)
[V] 179	29.5474MB/s	84154.9 kept 85079948 (0.453288)
[V] 180	29.5527MB/s	84170.7 kept 85556108 (0.453293)
[V] 181	29.5581MB/s	84187.9 kept 86032252 (0.453297)
[V] 182	29.5653MB/s	84210.5 kept 86508460 (0.453302)
[V] 183	29.5721MB/s	84231.1 kept 86984690 (0.453306)
[V] 184	29.5679MB/s	84213.5 kept 87459606 (0.453304)
[V] 185	29.564MB/s	84196.1 kept 87936430 (0.453312)
[V] 186	29.5539MB/s	84162.3 kept 88410572 (0.453306)
[V] 187	29.5554MB/s	84168.5 kept 88885014 (0.453301)
[V] 188	29.5551MB/s	84169.9 kept 89360312 (0.453301)
[V] 189	29.554MB/s	84168.5 kept 89836520 (0.453306)
[V] 190	29.563MB/s	84196.6 kept 90311882 (0.453306)
[V] 191	29.569MB/s	84215.6 kept 90786308 (0.453301)
[V] 192	29.5771MB/s	84240 kept 91261448 (0.453301)
[V] 193	29.5275MB/s	84098.2 kept 91736750 (0.4533)
[V] 194	29.537MB/s	84127.1 kept 92212688 (0.453303)
[V] 195	29.5463MB/s	84155.5 kept 92687486 (0.453301)
[V] 196	29.5381MB/s	84128.9 kept 93163306 (0.453303)
[V] 197	29.5383MB/s	84131 kept 93639180 (0.453306)
[V] 198	29.5373MB/s	84128.4 kept 94113688 (0.453302)
[V] 199	29.5358MB/s	84125.2 kept 94589306 (0.453303)
[V] 200	29.5354MB/s	84125.6 kept 95064732 (0.453304)
[V] 201	29.5311MB/s	84114.9 kept 95538964 (0.453299)
[V] 202	29.5303MB/s	84114 kept 96013546 (0.453295)
[V] 203	29.5277MB/s	84107.8 kept 96489244 (0.453297)
[V] 204	29.5272MB/s	84108 kept 96965206 (0.4533)
[V] 205	29.5295MB/s	84115.1 kept 97440950 (0.453302)
[V] 206	29.5293MB/s	84116 kept 97915464 (0.453298)
[V] 207	29.4821MB/s	83980.8 kept 98390332 (0.453296)
[V] 208	29.4824MB/s	83983.1 kept 98865118 (0.453294)
[V] 209	29.4807MB/s	83978.3 kept 99340708 (0.453295)
[V] 210	29.4807MB/s	83979.7 kept 99816610 (0.453298)
[V] 211	29.4806MB/s	83981.1 kept 100292264 (0.453299)
[V] 212	29.4814MB/s	83984.2 kept 100767628 (0.4533)
[V] 213	29.4826MB/s	83989.1 kept 101243382 (0.453301)
[V] 214	29.482MB/s	83988.3 kept 101719708 (0.453306)
[V] 215	29.4793MB/s	83978 kept 102195022 (0.453306)
[V] 216	29.475MB/s	83959.9 kept 102671404 (0.453311)
[V] 217	29.4807MB/s	83977.1 kept 103145508 (0.453305)
[V] 218	29.4844MB/s	83988.7 kept 103621148 (0.453307)
[V] 219	29.4902MB/s	84006.7 kept 104096614 (0.453307)
[V] 220	29.4937MB/s	84018 kept 104571692 (0.453306)
[V] 221	29.4973MB/s	84029.1 kept 105045998 (0.453302)
[V] 222	29.5049MB/s	84046.8 kept 105522276 (0.453306)
[V] 223	29.5102MB/s	84063.3 kept 105998492 (0.45331)
[V] 224	29.5149MB/s	84077.9 kept 106474784 (0.453314)
[V] 225	29.5198MB/s	84092.6 kept 106950594 (0.453316)
[V] 226	29.4777MB/s	83971.2 kept 107426138 (0.453317)
[V] 227	29.4829MB/s	83987 kept 107900688 (0.453313)
[V] 228	29.4881MB/s	84002.6 kept 108376360 (0.453315)
[V] 229	29.4926MB/s	84014 kept 108852364 (0.453317)
[V] 230	29.4945MB/s	84020.1 kept 109328698 (0.453322)
[V] 231	29.4976MB/s	84030.2 kept 109803148 (0.453318)
[V] 232	29.5027MB/s	84046 kept 110278718 (0.453319)
[V] 233	29.5062MB/s	84056.8 kept 110753022 (0.453315)
[V] 234	29.5085MB/s	84064.2 kept 111227706 (0.453312)
[V] 235	29.5128MB/s	84067.6 kept 111702664 (0.45331)
[V] 236	29.5132MB/s	84069.8 kept 112178148 (0.453311)
[V] 237	29.5083MB/s	84056.5 kept 112653054 (0.453309)
[V] 238	29.512MB/s	84068.3 kept 113128558 (0.45331)
[V] 239	29.5176MB/s	84085.7 kept 113603662 (0.453309)
[V] 240	29.523MB/s	84102.9 kept 114078302 (0.453306)
[V] 241	29.5265MB/s	84114.2 kept 114552432 (0.453302)
[V] 242	29.5274MB/s	84116.4 kept 115027794 (0.453302)
[V] 243	29.5309MB/s	84127.6 kept 115502656 (0.4533)
[V] 244	29.537MB/s	84146.6 kept 115978528 (0.453302)
[V] 245	29.5402MB/s	84156.8 kept 116454848 (0.453306)
[V] 246	29.541MB/s	84160.3 kept 116930552 (0.453308)
[V] 247	29.5461MB/s	84176 kept 117405804 (0.453307)
[V] 248	29.5114MB/s	84077.7 kept 117881232 (0.453308)
[V] 249	29.5104MB/s	84075.8 kept 118356304 (0.453307)
[V] 250	29.5149MB/s	84090.1 kept 118832718 (0.453311)
[V] 251	29.5169MB/s	84096.6 kept 119308892 (0.453314)
[V] 252	29.5198MB/s	84105.7 kept 119784616 (0.453316)
[V] 253	29.5203MB/s	84107.4 kept 120260442 (0.453317)
[V] 254	29.5198MB/s	84107.1 kept 120736000 (0.453318)
[V] 255	29.5265MB/s	84127.6 kept 121211964 (0.453321)
[V] 256	29.5261MB/s	84127.3 kept 121688118 (0.453324)
[V] 257	29.5276MB/s	84132.6 kept 122164434 (0.453327)
[V] 258	29.5321MB/s	84146.3 kept 122640144 (0.453329)
[V] 259	29.534MB/s	84152.9 kept 123114928 (0.453326)
[V] 260	29.5388MB/s	84167.7 kept 123590214 (0.453326)
[V] 261	29.5423MB/s	84178.9 kept 124066736 (0.45333)
[V] 262	29.5446MB/s	84186.2 kept 124541378 (0.453328)
[V] 263	29.5445MB/s	84184.3 kept 125016660 (0.453328)
[V] 264	29.5381MB/s	84162.9 kept 125491798 (0.453327)
[V] 265	29.5326MB/s	84145.8 kept 125966680 (0.453325)
[V] 266	29.5284MB/s	84134.5 kept 126440862 (0.453321)
[V] 267	29.5323MB/s	84146.3 kept 126915744 (0.453319)
[V] 268	29.5327MB/s	84148.3 kept 127391996 (0.453323)
[V] 269	29.4909MB/s	84029.4 kept 127867526 (0.453323)
[V] 270	29.4884MB/s	84023 kept 128343186 (0.453324)
[V] 271	29.4892MB/s	84026 kept 128817186 (0.45332)
[V] 272	29.4899MB/s	84026.7 kept 129292624 (0.45332)
[V] 273	29.481MB/s	84001.1 kept 129767724 (0.453319)
[V] 274	29.4761MB/s	83985.3 kept 130241914 (0.453315)
[V] 275	29.4719MB/s	83973.9 kept 130716972 (0.453314)
[V] 276	29.4649MB/s	83954.6 kept 131191288 (0.453311)
[V] 277	29.4656MB/s	83957.3 kept 131665680 (0.453307)
[V] 278	29.4626MB/s	83949.8 kept 132142378 (0.453312)
[V] 279	29.4619MB/s	83948.5 kept 132617556 (0.453312)
[V] 280	29.4631MB/s	83951 kept 133093594 (0.453314)
[V] 281	29.4592MB/s	83919.7 kept 133568032 (0.453311)
[V] 282	29.461MB/s	83925.6 kept 134043844 (0.453313)
[V] 283	29.466MB/s	83940.7 kept 134520652 (0.453318)
[V] 284	29.4379MB/s	83859.4 kept 134994902 (0.453314)
[V] 285	29.4407MB/s	83868 kept 135470154 (0.453314)
[V] 286	29.4366MB/s	83856.9 kept 135945862 (0.453315)
[V] 287	29.4252MB/s	83825.4 kept 136421134 (0.453315)
[V] 288	29.4142MB/s	83794.9 kept 136895064 (0.45331)
[V] 289	29.4063MB/s	83773 kept 137370166 (0.453309)
[V] 290	29.408MB/s	83779.2 kept 137844048 (0.453305)
[V] 291	29.4052MB/s	83772.5 kept 138319692 (0.453306)
[V] 292	29.4069MB/s	83778.7 kept 138794840 (0.453305)
[V] 293	29.3972MB/s	83752.1 kept 139270588 (0.453306)
[V] 294	29.3885MB/s	83728.3 kept 139744836 (0.453303)
[V] 295	29.3885MB/s	83728.7 kept 140220062 (0.453303)
[V] 296	29.3864MB/s	83724 kept 140695772 (0.453304)
[V] 297	29.3842MB/s	83718.7 kept 141170246 (0.453301)
[V] 298	29.3859MB/s	83724.6 kept 141645586 (0.453301)
[V] 299	29.3849MB/s	83722.6 kept 142119936 (0.453298)
[V] 300	29.3878MB/s	83732 kept 142594978 (0.453297)
[V] 301	29.3892MB/s	83737.2 kept 143070172 (0.453297)
[V] 302	29.3816MB/s	83716.3 kept 143545314 (0.453296)
[V] 303	29.3803MB/s	83713.8 kept 144021206 (0.453298)
[V] 304	29.3726MB/s	83693.1 kept 144495550 (0.453295)
[V] 305	29.369MB/s	83684 kept 144971874 (0.453298)
[V] 306	29.3718MB/s	83693.1 kept 145447726 (0.4533)
[V] 307	29.3726MB/s	83695.5 kept 145922612 (0.453299)
[V] 308	29.3675MB/s	83682 kept 146399588 (0.453304)
[V] 309	29.3278MB/s	83568.8 kept 146874722 (0.453303)
[V] 310	29.3229MB/s	83553.4 kept 147350044 (0.453303)
[V] 311	29.313MB/s	83525.6 kept 147826416 (0.453306)
[V] 312	29.3094MB/s	83513.8 kept 148302920 (0.45331)
[V] 313	29.3035MB/s	83492.7 kept 148778912 (0.453312)
[V] 314	29.3049MB/s	83495.9 kept 149253428 (0.453309)
[V] 315	29.3051MB/s	83494.9 kept 149728278 (0.453308)
[V] 316	29.3079MB/s	83499.2 kept 150202310 (0.453304)
[V] 317	29.3147MB/s	83519.4 kept 150675980 (0.453299)
[V] 318	29.3209MB/s	83538 kept 151150128 (0.453296)
[V] 319	29.3278MB/s	83558.9 kept 151625996 (0.453297)
[V] 320	29.3364MB/s	83584.5 kept 152102292 (0.4533)
[V] 321	29.3456MB/s	83611.7 kept 152578530 (0.453303)
[V] 322	29.3541MB/s	83637.1 kept 153054278 (0.453304)
[V] 323	29.3692MB/s	83681.1 kept 153529186 (0.453303)
[V] 324	29.3834MB/s	83722.5 kept 154003430 (0.4533)
[V] 325	29.3909MB/s	83743.6 kept 154479424 (0.453302)
[V] 326	29.4013MB/s	83774.1 kept 154953910 (0.453299)
[V] 327	29.4072MB/s	83791.8 kept 155429204 (0.453299)
[V] 328	29.4144MB/s	83812.3 kept 155903634 (0.453297)
[V] 329	29.4196MB/s	83828.1 kept 156379570 (0.453298)
[V] 330	29.4242MB/s	83839.8 kept 156853758 (0.453295)
[V] 331	29.4299MB/s	83854.5 kept 157328860 (0.453295)
[V] 332	29.4366MB/s	83873.5 kept 157804044 (0.453294)
[V] 333	29.4433MB/s	83893.4 kept 158279904 (0.453296)
[V] 334	29.421MB/s	83829.5 kept 158755474 (0.453296)
[V] 335	29.4304MB/s	83857.5 kept 159230960 (0.453297)
[V] 336	29.4445MB/s	83896.9 kept 159706252 (0.453297)
[V] 337	29.4588MB/s	83937.1 kept 160179944 (0.453292)
[V] 338	29.4743MB/s	83982 kept 160653854 (0.453288)
[V] 339	29.4906MB/s	84029 kept 161128726 (0.453287)
[V] 340	29.5052MB/s	84070.9 kept 161603554 (0.453286)
[V] 341	29.5213MB/s	84117.5 kept 162078516 (0.453285)
[V] 342	29.5366MB/s	84161.2 kept 162554774 (0.453287)
[V] 343	29.5489MB/s	84189.5 kept 163029344 (0.453285)
[V] 344	29.5612MB/s	84215.1 kept 163505316 (0.453287)
[V] 345	29.5721MB/s	84238.7 kept 163980272 (0.453286)
[V] 346	29.5831MB/s	84268.9 kept 164456494 (0.453289)
[V] 347	29.5955MB/s	84300.9 kept 164931052 (0.453287)
[V] 348	29.6044MB/s	84318.6 kept 165406396 (0.453287)
[V] 349	29.6175MB/s	84356.8 kept 165880918 (0.453285)
[V] 350	29.6313MB/s	84397.3 kept 166357200 (0.453287)
[V] 351	29.6465MB/s	84441.8 kept 166832458 (0.453287)
[V] 352	29.6603MB/s	84481.4 kept 167307136 (0.453286)
[V] 353	29.6507MB/s	84453.8 kept 167782322 (0.453285)
[V] 354	29.6632MB/s	84489 kept 168257748 (0.453286)
[V] 355	29.6725MB/s	84510 kept 168734142 (0.453289)
[V] 356	29.6866MB/s	84550.6 kept 169209868 (0.45329)
[V] 357	29.7009MB/s	84592.3 kept 169685990 (0.453292)
[V] 358	29.7141MB/s	84631 kept 170161872 (0.453293)
[V] 359	29.7285MB/s	84673.2 kept 170637146 (0.453293)
[V] 360	29.7434MB/s	84716.6 kept 171113884 (0.453297)
[V] 361	29.7577MB/s	84758.4 kept 171588884 (0.453296)
[V] 362	29.7715MB/s	84797.7 kept 172063990 (0.453296)
[V] 363	29.7836MB/s	84832.6 kept 172538860 (0.453294)
[V] 364	29.7963MB/s	84869.5 kept 173013644 (0.453293)
[V] 365	29.8091MB/s	84906.6 kept 173488638 (0.453292)
[V] 366	29.8228MB/s	84944.2 kept 173964300 (0.453293)
[V] 367	29.836MB/s	84981.1 kept 174438808 (0.453291)
[V] 368	29.8476MB/s	85012.7 kept 174914204 (0.453291)
[V] 369	29.8585MB/s	85041.9 kept 175389184 (0.45329)
[V] 370	29.8688MB/s	85070.2 kept 175864582 (0.453291)
[V] 371	29.8788MB/s	85096.7 kept 176339766 (0.45329)
[V] 372	29.8661MB/s	85057.4 kept 176814878 (0.45329)
[V] 373	29.8764MB/s	85084.2 kept 177290428 (0.45329)
[V] 374	29.8857MB/s	85111.1 kept 177765644 (0.45329)
[V] 375	29.8946MB/s	85137.2 kept 178241426 (0.453291)
[V] 376	29.9041MB/s	85165.1 kept 178716646 (0.453291)
[V] 377	29.9101MB/s	85181.2 kept 179191612 (0.45329)
[V] 378	29.9221MB/s	85215 kept 179667102 (0.453291)
[V] 379	29.9249MB/s	85223.6 kept 180143442 (0.453293)
[V] 380	29.9244MB/s	85222.7 kept 180618640 (0.453293)
[V] 381	29.9361MB/s	85257.1 kept 181093556 (0.453292)
[V] 382	29.95MB/s	85297.6 kept 181568524 (0.453291)
[V] 383	29.9644MB/s	85339.6 kept 182044218 (0.453292)
[V] 384	29.9774MB/s	85377.4 kept 182520936 (0.453296)
[V] 385	29.9913MB/s	85417.9 kept 182996428 (0.453296)
[V] 386	29.9846MB/s	85399.6 kept 183472268 (0.453297)
[V] 387	30.0003MB/s	85444.7 kept 183947200 (0.453296)
[V] 388	30.0132MB/s	85482.3 kept 184423218 (0.453298)
[V] 389	30.027MB/s	85522.4 kept 184899038 (0.453299)
[V] 390	30.0408MB/s	85562.7 kept 185374570 (0.4533)
[V] 391	30.052MB/s	85595.7 kept 185850048 (0.4533)
[V] 392	30.0646MB/s	85632.2 kept 186325528 (0.453301)
[V] 393	30.0772MB/s	85668.7 kept 186799632 (0.453298)
[V] 394	30.089MB/s	85703 kept 187274462 (0.453297)
[V] 395	30.1014MB/s	85739.4 kept 187748908 (0.453294)
[V] 396	30.1111MB/s	85767.8 kept 188225034 (0.453296)
[V] 397	30.1132MB/s	85775.2 kept 188700226 (0.453296)
[V] 398	30.1154MB/s	85782.3 kept 189174174 (0.453293)
[V] 399	30.1176MB/s	85789.3 kept 189648742 (0.453291)
[V] 400	30.118MB/s	85791.4 kept 190124448 (0.453292)
[V] 401	30.1188MB/s	85794.4 kept 190599296 (0.453291)
[V] 402	30.12MB/s	85798.7 kept 191074600 (0.453291)
[V] 403	30.121MB/s	85802.3 kept 191550082 (0.453291)
[V] 404	30.1216MB/s	85804.7 kept 192023992 (0.453288)
[V] 405	30.1168MB/s	85789.8 kept 192500194 (0.45329)
[V] 406	30.1149MB/s	85781.1 kept 192975400 (0.45329)
[V] 407	30.116MB/s	85785 kept 193451742 (0.453292)
[V] 408	30.1169MB/s	85788.1 kept 193926130 (0.45329)
[V] 409	30.0938MB/s	85722.8 kept 194401882 (0.453291)
[V] 410	30.0953MB/s	85727.8 kept 194876412 (0.453289)
[V] 411	30.0966MB/s	85731.9 kept 195350496 (0.453286)
[V] 412	30.0987MB/s	85738.7 kept 195824034 (0.453282)
[V] 413	30.1009MB/s	85745.8 kept 196298856 (0.453281)
[V] 414	30.103MB/s	85752.5 kept 196772804 (0.453278)
[V] 415	30.1038MB/s	85754.4 kept 197248762 (0.45328)
[V] 416	30.1024MB/s	85750.5 kept 197725440 (0.453283)
[V] 417	30.1022MB/s	85724.7 kept 198201354 (0.453284)
[V] 418	30.1032MB/s	85698.4 kept 198675648 (0.453282)
[V] 419	30.1038MB/s	85672 kept 199151266 (0.453283)
[V] 420	30.1033MB/s	85649.2 kept 199626654 (0.453283)
[V] 421	30.1054MB/s	85655.9 kept 200103248 (0.453286)
[V] 422	30.1077MB/s	85663.3 kept 200578934 (0.453287)
[V] 423	30.0945MB/s	85622.1 kept 201054818 (0.453288)
[V] 424	30.099MB/s	85635.7 kept 201529752 (0.453287)
[V] 425	30.0987MB/s	85635.8 kept 202005232 (0.453288)
[V] 426	30.1083MB/s	85664 kept 202479616 (0.453285)
[V] 427	30.1203MB/s	85698.5 kept 202955088 (0.453286)
[V] 428	30.1315MB/s	85730.2 kept 203431778 (0.453289)
[V] 429	30.1433MB/s	85764.3 kept 203907754 (0.45329)
[V] 430	30.1541MB/s	85795.4 kept 204383096 (0.45329)
[V] 431	30.1629MB/s	85820.3 kept 204859044 (0.453292)
[V] 432	30.1748MB/s	85853.9 kept 205333132 (0.453289)
[V] 433	30.1861MB/s	85887.1 kept 205808154 (0.453289)
[V] 434	30.1975MB/s	85920.5 kept 206283886 (0.45329)
[V] 435	30.2092MB/s	85954.5 kept 206758540 (0.453288)
[V] 436	30.2207MB/s	85988.2 kept 207233234 (0.453287)
[V] 437	30.2318MB/s	86020.5 kept 207707192 (0.453284)
[V] 438	30.2422MB/s	86050.4 kept 208182694 (0.453284)
[V] 439	30.2537MB/s	86084.3 kept 208657382 (0.453283)
[V] 440	30.2657MB/s	86119.4 kept 209133260 (0.453284)
[V] 441	30.2758MB/s	86149.2 kept 209609128 (0.453285)
[V] 442	30.2859MB/s	86178.6 kept 210083694 (0.453284)
[V] 443	30.2958MB/s	86207.2 kept 210558130 (0.453282)
[V] 444	30.3037MB/s	86229.4 kept 211033600 (0.453282)
[V] 445	30.3116MB/s	86252 kept 211509146 (0.453283)
[V] 446	30.3002MB/s	86218.5 kept 211984546 (0.453283)
[V] 447	30.306MB/s	86232.9 kept 212459876 (0.453283)
[V] 448	30.3124MB/s	86250.1 kept 212935154 (0.453283)
[V] 449	30.3188MB/s	86269 kept 213409978 (0.453282)
[V] 450	30.3254MB/s	86287.9 kept 213885378 (0.453282)
[V] 451	30.3325MB/s	86308.7 kept 214360790 (0.453282)
[V] 452	30.339MB/s	86327.8 kept 214835842 (0.453282)
[V] 453	30.3427MB/s	86333.2 kept 215310390 (0.45328)
[V] 454	30.3502MB/s	86352.5 kept 215785820 (0.453281)
[V] 455	30.358MB/s	86375.6 kept 216261976 (0.453282)
[V] 456	30.365MB/s	86396 kept 216736574 (0.453281)
[V] 457	30.3628MB/s	86390.4 kept 217211900 (0.453281)
[V] 458	30.3416MB/s	86329.8 kept 217688254 (0.453283)
[V] 459	30.3485MB/s	86348.9 kept 218164816 (0.453286)
[V] 460	30.3528MB/s	86361.6 kept 218640972 (0.453288)
[V] 461	30.3586MB/s	86378.8 kept 219116770 (0.453289)
[V] 462	30.3662MB/s	86401.3 kept 219592086 (0.453289)
[V] 463	30.3723MB/s	86419.4 kept 220067400 (0.453289)
[V] 464	30.3781MB/s	86436.2 kept 220543658 (0.453291)
[V] 465	30.3819MB/s	86445.1 kept 221019154 (0.453291)
[V] 466	30.3896MB/s	86465 kept 221494094 (0.45329)
[V] 467	30.3992MB/s	86492.9 kept 221969062 (0.453289)
[V] 468	30.4079MB/s	86518.2 kept 222445666 (0.453292)
[V] 469	30.4166MB/s	86543.9 kept 222921576 (0.453293)
[V] 470	30.4255MB/s	86569.9 kept 223396928 (0.453293)
[V] 471	30.436MB/s	86600.5 kept 223872512 (0.453294)
[V] 472	30.4475MB/s	86633.9 kept 224348986 (0.453296)
[V] 473	30.4592MB/s	86668 kept 224824962 (0.453298)
[V] 474	30.4695MB/s	86698.3 kept 225300412 (0.453298)
[V] 475	30.4797MB/s	86728.3 kept 225775898 (0.453298)
[V] 476	30.4718MB/s	86706.1 kept 226251196 (0.453298)
[V] 477	30.4843MB/s	86742.6 kept 226727246 (0.4533)
[V] 478	30.4952MB/s	86774.4 kept 227202352 (0.453299)
[V] 479	30.5068MB/s	86808.5 kept 227677164 (0.453298)
[V] 480	30.5185MB/s	86842.9 kept 228152968 (0.453299)
[V] 481	30.5285MB/s	86872.2 kept 228627438 (0.453298)
[V] 482	30.5367MB/s	86896.1 kept 229103388 (0.453299)
[V] 483	30.5447MB/s	86918.8 kept 229578628 (0.453299)
[V] 484	30.5519MB/s	86934.6 kept 230053396 (0.453298)
[V] 485	30.5611MB/s	86961.4 kept 230528418 (0.453297)
[V] 486	30.567MB/s	86978.2 kept 231004024 (0.453298)
[V] 487	30.5627MB/s	86965.8 kept 231479786 (0.453298)
[V] 488	30.5693MB/s	86984.6 kept 231953940 (0.453296)
[V] 489	30.5771MB/s	87005.1 kept 232428528 (0.453295)
[V] 490	30.585MB/s	87026 kept 232903244 (0.453294)
[V] 491	30.5937MB/s	87051.2 kept 233378946 (0.453294)
[V] 492	30.6029MB/s	87077.6 kept 233853182 (0.453292)
[V] 493	30.6127MB/s	87106.3 kept 234329206 (0.453294)
[V] 494	30.6238MB/s	87139 kept 234805604 (0.453296)
[V] 495	30.6344MB/s	87170 kept 235279866 (0.453294)
[V] 496	30.6429MB/s	87195 kept 235754820 (0.453293)
[V] 497	30.6536MB/s	87221.2 kept 236229764 (0.453292)
[V] 498	30.6643MB/s	87252.6 kept 236705078 (0.453292)
[V] 499	30.6564MB/s	87230.4 kept 237181876 (0.453295)
[V] 500	30.6664MB/s	87259.8 kept 237656996 (0.453295)
[V] 501	30.6765MB/s	87289.2 kept 238132698 (0.453295)
[V] 502	30.6862MB/s	87317.8 kept 238608976 (0.453297)
[V] 503	30.6956MB/s	87345.1 kept 239083664 (0.453296)
[V] 504	30.7036MB/s	87368.7 kept 239558218 (0.453295)
[V] 505	30.7093MB/s	87385.7 kept 240033304 (0.453294)
[V] 506	30.7138MB/s	87399.1 kept 240507176 (0.453292)
[V] 507	30.7199MB/s	87417 kept 240984258 (0.453295)
[V] 508	30.7271MB/s	87436.7 kept 241460758 (0.453297)
[V] 509	30.735MB/s	87459.8 kept 241936376 (0.453298)
[V] 510	30.7414MB/s	87477 kept 242412364 (0.453299)
[V] 511	30.7491MB/s	87498.4 kept 242887606 (0.453299)
[V] 512	30.7578MB/s	87524.1 kept 243363370 (0.4533)
[V] 513	30.7662MB/s	87548.8 kept 243839102 (0.4533)
[V] 514	30.7758MB/s	87576.8 kept 244313954 (0.4533)
[V] 515	30.7845MB/s	87602 kept 244789504 (0.4533)
[V] 516	30.7926MB/s	87625.3 kept 245264196 (0.453299)
[V] 517	30.7996MB/s	87644.6 kept 245739580 (0.453299)
[V] 518	30.8089MB/s	87670.9 kept 246215886 (0.453301)
[V] 519	30.8006MB/s	87647.9 kept 246691326 (0.453301)
[V] 520	30.8089MB/s	87672.3 kept 247167898 (0.453303)
[V] 521	30.8149MB/s	87689.6 kept 247642466 (0.453302)
[V] 522	30.8204MB/s	87705.2 kept 248117858 (0.453302)
[V] 523	30.828MB/s	87727.2 kept 248593888 (0.453303)
[V] 524	30.8373MB/s	87754.4 kept 249069306 (0.453303)
[V] 525	30.8447MB/s	87775.4 kept 249545080 (0.453304)
[V] 526	30.8527MB/s	87798.7 kept 250020010 (0.453304)
[V] 527	30.8617MB/s	87825.4 kept 250495164 (0.453303)
[V] 528	30.87MB/s	87849.7 kept 250970732 (0.453304)
[V] 529	30.879MB/s	87876.3 kept 251446952 (0.453305)
[V] 530	30.8881MB/s	87903 kept 251923788 (0.453308)
[V] 531	30.8954MB/s	87924.7 kept 252398514 (0.453307)
[V] 532	30.9036MB/s	87949 kept 252873734 (0.453307)
[V] 533	30.9111MB/s	87970.9 kept 253348594 (0.453306)
[V] 534	30.9188MB/s	87993.5 kept 253824494 (0.453307)
[V] 535	30.927MB/s	88017.8 kept 254300376 (0.453308)
[V] 536	30.9346MB/s	88039.8 kept 254774756 (0.453306)
[V] 537	30.9409MB/s	88058.3 kept 255250614 (0.453307)
[V] 538	30.9473MB/s	88076.8 kept 255726774 (0.453309)
[V] 539	30.9545MB/s	88097.8 kept 256201458 (0.453308)
[V] 540	30.9419MB/s	88062 kept 256675672 (0.453306)
[V] 541	30.9468MB/s	88075.8 kept 257150052 (0.453304)
[V] 542	30.9547MB/s	88098.8 kept 257624918 (0.453303)
[V] 543	30.9606MB/s	88115 kept 258100244 (0.453303)
[V] 544	30.9673MB/s	88129.7 kept 258575984 (0.453304)
[V] 545	30.9745MB/s	88150.3 kept 259050678 (0.453303)
[V] 546	30.9801MB/s	88166.2 kept 259526068 (0.453303)
[V] 547	30.9874MB/s	88187.6 kept 260001608 (0.453303)
[V] 548	30.9958MB/s	88212.2 kept 260478482 (0.453306)
[V] 549	31.0037MB/s	88235.4 kept 260952418 (0.453303)
[V] 550	31.0112MB/s	88257.5 kept 261426864 (0.453302)
[V] 551	31.0182MB/s	88277.9 kept 261903088 (0.453304)
[V] 552	31.0245MB/s	88296.5 kept 262378264 (0.453303)
[V] 553	31.0328MB/s	88319.9 kept 262853304 (0.453303)
[V] 554	31.0419MB/s	88345.6 kept 263328184 (0.453302)
[V] 555	31.0509MB/s	88372.3 kept 263803586 (0.453302)
[V] 556	31.0595MB/s	88397.4 kept 264278292 (0.453301)
[V] 557	31.0684MB/s	88423.2 kept 264753714 (0.453301)
[V] 558	31.0766MB/s	88447.5 kept 265230474 (0.453304)
[V] 559	31.0858MB/s	88474.4 kept 265705946 (0.453304)
[V] 560	31.0949MB/s	88501.1 kept 266182454 (0.453306)
[V] 561	31.1019MB/s	88521.7 kept 266657006 (0.453305)
[V] 562	31.1104MB/s	88546.8 kept 267133874 (0.453307)
[V] 563	31.1025MB/s	88524.8 kept 267608512 (0.453306)
[V] 564	31.1107MB/s	88548.9 kept 268083962 (0.453306)
[V] 565	31.1196MB/s	88575 kept 268560062 (0.453308)
[V] 566	31.1281MB/s	88600 kept 269035914 (0.453309)
[V] 567	31.1344MB/s	88619 kept 269511828 (0.45331)
[V] 568	31.1344MB/s	88619.8 kept 269987896 (0.453311)
[V] 569	31.1333MB/s	88617.2 kept 270463450 (0.453311)
[V] 570	31.1286MB/s	88604.6 kept 270939118 (0.453312)
[V] 571	31.1349MB/s	88623.4 kept 271413820 (0.453311)
[V] 572	31.1418MB/s	88643.4 kept 271887992 (0.453309)
[V] 573	31.1499MB/s	88667.3 kept 272363426 (0.453309)
[V] 574	31.1588MB/s	88693.4 kept 272838510 (0.453309)
[V] 575	31.1667MB/s	88716.5 kept 273314886 (0.45331)
[V] 576	31.1746MB/s	88739.7 kept 273790710 (0.453311)
[V] 577	31.181MB/s	88757.5 kept 274267162 (0.453313)
[V] 578	31.1866MB/s	88763.9 kept 274741946 (0.453312)
[V] 579	31.1949MB/s	88784.1 kept 275217266 (0.453312)
[V] 580	31.2023MB/s	88805.3 kept 275693984 (0.453314)
[V] 581	31.21MB/s	88827.5 kept 276169174 (0.453314)
[V] 582	31.2173MB/s	88848.6 kept 276644888 (0.453315)
[V] 583	31.2242MB/s	88868.8 kept 277119392 (0.453313)
[V] 584	31.231MB/s	88888.4 kept 277595642 (0.453315)
[V] 585	31.2384MB/s	88910.2 kept 278070816 (0.453315)
[V] 586	31.2464MB/s	88933.7 kept 278545464 (0.453313)
[V] 587	31.2378MB/s	88909.7 kept 279021684 (0.453315)
[V] 588	31.2446MB/s	88929.3 kept 279496888 (0.453315)
[V] 589	31.2509MB/s	88947.6 kept 279972446 (0.453315)
[V] 590	31.2575MB/s	88967.2 kept 280447950 (0.453315)
[V] 591	31.2648MB/s	88988.5 kept 280924008 (0.453316)
[V] 592	31.271MB/s	89006.7 kept 281400200 (0.453318)
[V] 593	31.2767MB/s	89023.3 kept 281876094 (0.453319)
[V] 594	31.2826MB/s	89040.5 kept 282350858 (0.453318)
[V] 595	31.2883MB/s	89057 kept 282825838 (0.453317)
[V] 596	31.2954MB/s	89078.1 kept 283301296 (0.453317)
[V] 597	31.303MB/s	89100.8 kept 283777230 (0.453318)
[V] 598	31.3102MB/s	89121.9 kept 284251302 (0.453316)
[V] 599	31.3159MB/s	89138.5 kept 284727464 (0.453318)
[V] 600	31.3224MB/s	89157.4 kept 285200962 (0.453315)
[V] 601	31.3284MB/s	89175.3 kept 285677858 (0.453317)
[V] 602	31.332MB/s	89185.4 kept 286153578 (0.453318)
[V] 603	31.3366MB/s	89195 kept 286629534 (0.453319)
[V] 604	31.3419MB/s	89201.5 kept 287105244 (0.453319)
[V] 605	31.3479MB/s	89218.8 kept 287581224 (0.45332)
[V] 606	31.3396MB/s	89189.1 kept 288055680 (0.453319)
[V] 607	31.3458MB/s	89205.1 kept 288532012 (0.453321)
[V] 608	31.3519MB/s	89223.4 kept 289007932 (0.453321)
[V] 609	31.3576MB/s	89239.6 kept 289484286 (0.453323)
[V] 610	31.3644MB/s	89258.9 kept 289960592 (0.453325)
[V] 611	31.3712MB/s	89279 kept 290434580 (0.453322)
[V] 612	31.3775MB/s	89297.6 kept 290910582 (0.453323)
[V] 613	31.3837MB/s	89315.8 kept 291386396 (0.453324)
[V] 614	31.3897MB/s	89333.2 kept 291862044 (0.453325)
[V] 615	31.3952MB/s	89349.1 kept 292336654 (0.453324)
[V] 616	31.4004MB/s	89364.4 kept 292812412 (0.453324)
[V] 617	31.4047MB/s	89376.6 kept 293287338 (0.453324)
[V] 618	31.409MB/s	89387.9 kept 293762386 (0.453323)
[V] 619	31.415MB/s	89404.1 kept 294238718 (0.453325)
[V] 620	31.4204MB/s	89418.5 kept 294714520 (0.453325)
[V] 621	31.4258MB/s	89434.2 kept 295189620 (0.453325)
[V] 622	31.4316MB/s	89451 kept 295665334 (0.453325)
[V] 623	31.437MB/s	89467.2 kept 296141096 (0.453326)
[V] 624	31.4288MB/s	89443.4 kept 296617464 (0.453328)
[V] 625	31.4312MB/s	89447.9 kept 297091964 (0.453326)
[V] 626	31.4356MB/s	89460.4 kept 297567214 (0.453326)
[V] 627	31.4409MB/s	89475.7 kept 298043526 (0.453328)
[V] 628	31.4455MB/s	89489 kept 298517544 (0.453326)
[V] 629	31.4511MB/s	89500.7 kept 298993912 (0.453327)
[V] 630	31.4572MB/s	89514.8 kept 299468516 (0.453326)
[V] 631	31.4621MB/s	89527.7 kept 299942272 (0.453324)
[V] 632	31.4662MB/s	89538.4 kept 300417656 (0.453324)
[V] 633	31.4703MB/s	89544.6 kept 300892984 (0.453324)
[V] 634	31.4727MB/s	89541.8 kept 301367952 (0.453323)
[V] 635	31.4494MB/s	89451.5 kept 301842462 (0.453322)
[V] 636	31.4386MB/s	89402.4 kept 302318340 (0.453323)
[V] 637	31.4441MB/s	89418.7 kept 302793990 (0.453323)
[V] 638	31.4502MB/s	89436.6 kept 303268624 (0.453322)
[V] 639	31.4556MB/s	89452.6 kept 303742252 (0.45332)
[V] 640	31.4613MB/s	89469.4 kept 304217002 (0.453319)
[V] 641	31.4671MB/s	89486.8 kept 304692854 (0.453319)
[V] 642	31.472MB/s	89501.1 kept 305167708 (0.453319)
[V] 643	31.4767MB/s	89513.2 kept 305642426 (0.453318)
[V] 644	31.4812MB/s	89525.7 kept 306118032 (0.453318)
[V] 645	31.4868MB/s	89542.4 kept 306593800 (0.453319)
[V] 646	31.4916MB/s	89556.5 kept 307069294 (0.453319)
[V] 647	31.4935MB/s	89562 kept 307544670 (0.453319)
[V] 648	31.4963MB/s	89567.8 kept 308020060 (0.453319)
[V] 649	31.4853MB/s	89535.9 kept 308496334 (0.453321)
[V] 650	31.4881MB/s	89543.9 kept 308972436 (0.453322)
[V] 651	31.4934MB/s	89559.4 kept 309447024 (0.453321)
[V] 652	31.4982MB/s	89571.5 kept 309921700 (0.45332)
[V] 653	31.5021MB/s	89579.7 kept 310396246 (0.453318)
[V] 654	31.5062MB/s	89589.6 kept 310871406 (0.453318)
[V] 655	31.5099MB/s	89599.5 kept 311346392 (0.453318)
[V] 656	31.5148MB/s	89612.9 kept 311822740 (0.453319)
[V] 657	31.5179MB/s	89620.7 kept 312297164 (0.453318)
[V] 658	31.5202MB/s	89627 kept 312771808 (0.453317)
[V] 659	31.5239MB/s	89635.2 kept 313248518 (0.453319)
[V] 660	31.528MB/s	89647.2 kept 313722816 (0.453317)
[V] 661	31.5333MB/s	89663.2 kept 314198954 (0.453318)
[V] 662	31.5382MB/s	89676.9 kept 314674160 (0.453318)
[V] 663	31.5425MB/s	89689.2 kept 315149066 (0.453318)
[V] 664	31.533MB/s	89661 kept 315624684 (0.453318)
[V] 665	31.5385MB/s	89677.5 kept 316099720 (0.453318)
[V] 666	31.5412MB/s	89685.2 kept 316575978 (0.453319)
[V] 667	31.5434MB/s	89691.5 kept 317051672 (0.453319)
[V] 668	31.5465MB/s	89698.8 kept 317527660 (0.45332)
[V] 669	31.5531MB/s	89718.2 kept 318001832 (0.453319)
[V] 670	31.5591MB/s	89735.9 kept 318476896 (0.453318)
[V] 671	31.5654MB/s	89754.6 kept 318951786 (0.453318)
[V] 672	31.5702MB/s	89768.9 kept 319427842 (0.453319)
[V] 673	31.5759MB/s	89785.1 kept 319903816 (0.45332)
[V] 674	31.582MB/s	89799.8 kept 320378060 (0.453318)
[V] 675	31.5856MB/s	89806.9 kept 320853928 (0.453319)
[V] 676	31.5896MB/s	89818.9 kept 321329210 (0.453319)
[V] 677	31.5936MB/s	89831.1 kept 321805152 (0.45332)
[V] 678	31.5971MB/s	89842 kept 322279314 (0.453318)
[V] 679	31.6003MB/s	89851.5 kept 322754800 (0.453318)
[V] 680	31.6038MB/s	89862.1 kept 323229092 (0.453317)
[V] 681	31.5937MB/s	89834.2 kept 323705002 (0.453317)
[V] 682	31.5979MB/s	89846.7 kept 324181272 (0.453319)
[V] 683	31.6015MB/s	89856.4 kept 324656786 (0.453319)
[V] 684	31.601MB/s	89853.7 kept 325130640 (0.453317)
[V] 685	31.6024MB/s	89857 kept 325607582 (0.453319)
[V] 686	31.6046MB/s	89861.9 kept 326082934 (0.453319)
[V] 687	31.607MB/s	89868.1 kept 326558830 (0.45332)
[V] 688	31.6082MB/s	89871.2 kept 327033712 (0.453319)
[V] 689	31.6122MB/s	89881.9 kept 327508366 (0.453318)
[V] 690	31.616MB/s	89892.7 kept 327983918 (0.453319)
[V] 691	31.6199MB/s	89904.2 kept 328459640 (0.453319)
[V] 692	31.6232MB/s	89913.6 kept 328936678 (0.453321)
[V] 693	31.6253MB/s	89919.2 kept 329412748 (0.453322)
[V] 694	31.6145MB/s	89886.6 kept 329888460 (0.453323)
[V] 695	31.6158MB/s	89889.5 kept 330364296 (0.453324)
[V] 696	31.6182MB/s	89896 kept 330840154 (0.453324)
[V] 697	31.6205MB/s	89901.5 kept 331315490 (0.453324)
[V] 698	31.6241MB/s	89911.8 kept 331790744 (0.453324)
[V] 699	31.6269MB/s	89920.1 kept 332266092 (0.453324)
[V] 700	31.6323MB/s	89936.1 kept 332741142 (0.453324)
[V] 701	31.6378MB/s	89952.7 kept 333215960 (0.453323)
[V] 702	31.6414MB/s	89963.7 kept 333692018 (0.453324)
[V] 703	31.646MB/s	89977.5 kept 334166912 (0.453323)
[V] 704	31.6506MB/s	89991.3 kept 334641788 (0.453323)
[V] 705	31.654MB/s	89998.7 kept 335117536 (0.453323)
[V] 706	31.6571MB/s	90007.7 kept 335592182 (0.453322)
[V] 707	31.6608MB/s	90018.4 kept 336066642 (0.453321)
[V] 708	31.6648MB/s	90030.4 kept 336540778 (0.45332)
[V] 709	31.6695MB/s	90044.6 kept 337016396 (0.45332)
[V] 710	31.6738MB/s	90057.4 kept 337492880 (0.453322)
[V] 711	31.6652MB/s	90033.3 kept 337968558 (0.453322)
[V] 712	31.6693MB/s	90044.9 kept 338443928 (0.453322)
[V] 713	31.6724MB/s	90054.2 kept 338918218 (0.453321)
[V] 714	31.6776MB/s	90069.3 kept 339393504 (0.453321)
[V] 715	31.6824MB/s	90083.5 kept 339869084 (0.453321)
[V] 716	31.6851MB/s	90092 kept 340344854 (0.453321)
[V] 717	31.6892MB/s	90104 kept 340820938 (0.453322)
[V] 718	31.6918MB/s	90108.2 kept 341297062 (0.453323)
[V] 719	31.693MB/s	90106.3 kept 341772690 (0.453324)
[V] 720	31.6959MB/s	90115.2 kept 342246994 (0.453322)
[V] 721	31.6992MB/s	90124.9 kept 342721638 (0.453322)
[V] 722	31.7004MB/s	90128.9 kept 343196918 (0.453321)
[V] 723	31.7012MB/s	90131.4 kept 343672666 (0.453322)
[V] 724	31.7044MB/s	90134.2 kept 344148902 (0.453323)
[V] 725	31.6928MB/s	90098 kept 344624632 (0.453324)
[V] 726	31.6954MB/s	90104.5 kept 345100336 (0.453324)
[V] 727	31.6983MB/s	90113.1 kept 345575440 (0.453324)
[V] 728	31.7021MB/s	90124.1 kept 346049660 (0.453322)
[V] 729	31.7049MB/s	90132.4 kept 346524806 (0.453322)
[V] 730	31.7071MB/s	90138.6 kept 347000328 (0.453322)
[V] 731	31.7096MB/s	90145.7 kept 347476412 (0.453323)
[V] 732	31.7118MB/s	90151.8 kept 347952610 (0.453324)
[V] 733	31.7123MB/s	90151.6 kept 348428042 (0.453325)
[V] 734	31.7136MB/s	90155.8 kept 348902164 (0.453323)
[V] 735	31.7105MB/s	90147.7 kept 349376554 (0.453322)
[V] 736	31.708MB/s	90141.5 kept 349852222 (0.453322)
[V] 737	31.7069MB/s	90139.1 kept 350327426 (0.453322)
[V] 738	31.7021MB/s	90126.1 kept 350802508 (0.453322)
[V] 739	31.6863MB/s	90081.2 kept 351277870 (0.453322)
[V] 740	31.6839MB/s	90073.5 kept 351752632 (0.453321)
[V] 741	31.6827MB/s	90069.9 kept 352227580 (0.45332)
[V] 742	31.6808MB/s	90064.8 kept 352702708 (0.45332)
[V] 743	31.6779MB/s	90056.2 kept 353178314 (0.45332)
[V] 744	31.6773MB/s	90054.9 kept 353653670 (0.45332)
[V] 745	31.6715MB/s	90038.6 kept 354128354 (0.45332)
[V] 746	31.6726MB/s	90040 kept 354603754 (0.45332)
[V] 747	31.6741MB/s	90044.5 kept 355079308 (0.45332)
[V] 748	31.6711MB/s	90036.5 kept 355557592 (0.453324)
[V] 749	31.6647MB/s	90019.2 kept 356033580 (0.453325)
[V] 750	31.6553MB/s	89992.6 kept 356508442 (0.453324)
[V] 751	31.6491MB/s	89976 kept 356983958 (0.453324)
[V] 752	31.6295MB/s	89919.8 kept 357459454 (0.453324)
[V] 753	31.6248MB/s	89906.4 kept 357933672 (0.453323)
[V] 754	31.6203MB/s	89894.1 kept 358410092 (0.453324)
[V] 755	31.6044MB/s	89845.8 kept 358885684 (0.453325)
[V] 756	31.5926MB/s	89811.7 kept 359361464 (0.453325)
[V] 757	31.5855MB/s	89791.7 kept 359836428 (0.453325)
[V] 758	31.5848MB/s	89786.5 kept 360312092 (0.453325)
[V] 759	31.5791MB/s	89763.9 kept 360787792 (0.453325)
[V] 760	31.5754MB/s	89746.5 kept 361262928 (0.453325)
[V] 761	31.5724MB/s	89735.5 kept 361738112 (0.453325)
[V] 762	31.5592MB/s	89690.1 kept 362213406 (0.453325)
[V] 763	31.5545MB/s	89670.7 kept 362688276 (0.453324)
[V] 764	31.5384MB/s	89623.1 kept 363163512 (0.453324)
[V] 765	31.527MB/s	89584.6 kept 363637448 (0.453322)
[V] 766	31.5123MB/s	89539.9 kept 364113808 (0.453324)
[V] 767	31.5091MB/s	89529.6 kept 364589212 (0.453324)
[V] 768	31.4841MB/s	89454.2 kept 365064918 (0.453324)
[V] 769	31.4809MB/s	89435.7 kept 365540244 (0.453324)
[V] 770	31.4678MB/s	89388.5 kept 366016336 (0.453325)
[V] 771	31.4613MB/s	89350.1 kept 366491834 (0.453325)
[V] 772	31.4482MB/s	89303.7 kept 366967390 (0.453326)
[V] 773	31.4495MB/s	89295.9 kept 367442586 (0.453325)
[V] 774	31.4392MB/s	89254.9 kept 367918342 (0.453326)
[V] 775	31.4104MB/s	89166 kept 368393372 (0.453326)
[V] 776	31.3907MB/s	89103.9 kept 368868584 (0.453325)
[V] 777	31.3512MB/s	88982.9 kept 369342708 (0.453324)
[V] 778	31.3202MB/s	88880.7 kept 369817146 (0.453323)
[V] 779	31.2846MB/s	88772.8 kept 370293222 (0.453324)
[V] 780	31.2644MB/s	88710.9 kept 370768780 (0.453324)
[V] 781	31.2313MB/s	88606.9 kept 371244352 (0.453324)
[V] 782	31.2071MB/s	88531.2 kept 371720162 (0.453325)
[V] 783	31.1885MB/s	88467.9 kept 372195552 (0.453325)
[V] 784	31.1634MB/s	88390.8 kept 372670790 (0.453325)
[V] 785	31.1426MB/s	88323.9 kept 373146298 (0.453325)
[V] 786	31.1163MB/s	88243 kept 373619728 (0.453323)
[V] 787	31.081MB/s	88134.9 kept 374095216 (0.453323)
[V] 788	31.0645MB/s	88074.1 kept 374571018 (0.453323)
[V] 789	31.04MB/s	87994.5 kept 375046036 (0.453323)
[V] 790	31.0079MB/s	87896.6 kept 375520614 (0.453322)
[V] 791	30.9928MB/s	87845.3 kept 375996030 (0.453322)
[V] 792	30.9709MB/s	87777 kept 376471220 (0.453322)
[V] 793	30.9269MB/s	87639 kept 376947608 (0.453323)
[V] 794	30.9261MB/s	87622.2 kept 377423288 (0.453324)
[V] 795	30.9239MB/s	87601.9 kept 377899622 (0.453325)
[V] 796	30.9166MB/s	87566.9 kept 378375524 (0.453325)
[V] 797	30.9097MB/s	87532.9 kept 378851306 (0.453326)
[V] 798	30.9024MB/s	87496.8 kept 379326660 (0.453326)
[V] 799	30.8971MB/s	87467.5 kept 379802548 (0.453327)
[V] 800	30.8861MB/s	87422.4 kept 380277068 (0.453326)
[V] 801	30.8766MB/s	87380.7 kept 380752754 (0.453326)
[V] 802	30.8662MB/s	87337.1 kept 381227974 (0.453326)
[V] 803	30.8563MB/s	87294.9 kept 381703356 (0.453326)
[V] 804	30.8429MB/s	87242.9 kept 382178064 (0.453325)
[V] 805	30.8354MB/s	87207.6 kept 382654130 (0.453326)
[V] 806	30.8271MB/s	87170.3 kept 383129046 (0.453325)
[V] 807	30.8184MB/s	87131.5 kept 383604234 (0.453325)
[V] 808	30.8088MB/s	87090.3 kept 384080448 (0.453326)
[V] 809	30.8001MB/s	87052.2 kept 384554372 (0.453325)
[V] 810	30.7917MB/s	87015 kept 385030450 (0.453325)
[V] 811	30.7749MB/s	86954 kept 385504938 (0.453324)
[V] 812	30.767MB/s	86917 kept 385980088 (0.453324)
[V] 813	30.7586MB/s	86880 kept 386454834 (0.453324)
[V] 853467830
[V] MemUsage(size=61.5117,rss=12.6484,peak=283.637) wall clock time 02:43:49:90645100
+ date
