+ set -o pipefail
++ awk '(NR==2) {print $2}' ../../downsample_input/CAL-27_E23.A16sB9.bam.bas
+ SAMPLE=CAL-27_E23.A16sB9
+ mkdir -p /nfs/users/nfs_s/sb43/sb43_scratch116/rt_user/downsampling_564469/scripts/cgp_downsampler/downsampledBams/CAL-27_E23.A16sB9
+ /software/CGP/canpipe/test/bin/canpipe_test bwa_mem.pl -b '-T 30 -Y' -mt 6 -o /nfs/users/nfs_s/sb43/sb43_scratch116/rt_user/downsampling_564469/scripts/cgp_downsampler/downsampledBams/CAL-27_E23.A16sB9 -r /lustre/scratch112/sanger/cgppipe/canpipe/live/ref/human/GRCh37d5/genome.fa -t 6 -s CAL-27_E23.A16sB9 /nfs/users/nfs_s/sb43/sb43_scratch116/rt_user/downsampling_564469/scripts/cgp_downsampler/downsampledBams/CAL-27_E23.A16sB9.bam
Unknown option: mt
Usage:
    bwa_mem.pl [options] [file(s)...]

      Required parameters:
        -outdir    -o   Folder to output result to.
        -reference -r   Path to reference genome file *.fa[.gz]
        -sample    -s   Sample name to be applied to output file.
        -threads   -t   Number of threads to use. [1]

      Optional parameters:
        -fragment  -f   Split input into fragements of X million repairs [10]
        -nomarkdup -n   Don't mark duplicates
        -cram      -c   Output cram, see '-sc'
        -scramble  -sc  Single quoted string of parameters to pass to Scramble when '-c' used
                        - '-I,-O' are used internally and should not be provided
        -bwa       -b   Single quoted string of additional parameters to pass to BWA
                         - '-t,-p,-R' are used internally and should not be provided

      Targeted processing:
        -process   -p   Only process this step then exit, optionally set -index
                          bwamem - only applicable if input is bam
                            mark - Run duplicate marking (-index N/A)
                           stats - Generates the *.bas file for the final BAM.

        -index     -i   Optionally restrict '-p' to single job
                          bwamem - 1..<lane_count>

      Other:
        -jobs      -j   For a parallel step report the number of jobs required
        -help      -h   Brief help message.
        -man       -m   Full documentation.

    File list can be full file names or wildcard, e.g.

    mutiple BAM inputs
         bwa_mem.pl -t 16 -r some/genome.fa.gz -o myout -s sample input/*.bam

    multiple paired fastq inputs
         bwa_mem.pl -t 16 -r some/genome.fa.gz -o myout -s sample input/*_[12].fq[.gz]

    multiple interleaved paired fastq inputs
         bwa_mem.pl -t 16 -r some/genome.fa.gz -o myout -s sample input/*.fq[.gz]

    mixture of BAM and CRAM
         bwa_mem.pl -t 16 -r some/genome.fa.gz -o myout -s sample input/*.bam input/*.cram

